2021-08-10 20:32:23,013 ----------------------------------------------------------------------------------------------------
2021-08-10 20:32:23,015 Model: "SequenceTagger(
  (embeddings): StackedEmbeddings(
    (list_embedding_0): WordEmbeddings('glove')
  )
  (word_dropout): WordDropout(p=0.05)
  (locked_dropout): LockedDropout(p=0.5)
  (embedding2nn): Linear(in_features=100, out_features=100, bias=True)
  (rnn): LSTM(100, 256, batch_first=True, bidirectional=True)
  (linear): Linear(in_features=512, out_features=28, bias=True)
  (beta): 1.0
  (weights): None
  (weight_tensor) None
)"
2021-08-10 20:32:23,016 ----------------------------------------------------------------------------------------------------
2021-08-10 20:32:23,019 Corpus: "Corpus: 7034 train + 782 dev + 1953 test sentences"
2021-08-10 20:32:23,020 ----------------------------------------------------------------------------------------------------
2021-08-10 20:32:23,022 Parameters:
2021-08-10 20:32:23,023  - learning_rate: "0.1"
2021-08-10 20:32:23,025  - mini_batch_size: "32"
2021-08-10 20:32:23,026  - patience: "3"
2021-08-10 20:32:23,027  - anneal_factor: "0.5"
2021-08-10 20:32:23,028  - max_epochs: "150"
2021-08-10 20:32:23,030  - shuffle: "True"
2021-08-10 20:32:23,031  - train_with_dev: "False"
2021-08-10 20:32:23,033  - batch_growth_annealing: "False"
2021-08-10 20:32:23,034 ----------------------------------------------------------------------------------------------------
2021-08-10 20:32:23,035 Model training base path: "resources/taggers/example-pos"
2021-08-10 20:32:23,037 ----------------------------------------------------------------------------------------------------
2021-08-10 20:32:23,038 Device: cuda:0
2021-08-10 20:32:23,039 ----------------------------------------------------------------------------------------------------
2021-08-10 20:32:23,041 Embeddings storage mode: cpu
2021-08-10 20:32:23,042 ----------------------------------------------------------------------------------------------------
2021-08-10 20:32:25,687 epoch 1 - iter 22/220 - loss 44.05575249 - samples/sec: 266.54 - lr: 0.100000
2021-08-10 20:32:28,097 epoch 1 - iter 44/220 - loss 38.41257321 - samples/sec: 292.41 - lr: 0.100000
2021-08-10 20:32:30,646 epoch 1 - iter 66/220 - loss 35.33335986 - samples/sec: 276.39 - lr: 0.100000
2021-08-10 20:32:33,302 epoch 1 - iter 88/220 - loss 33.88625689 - samples/sec: 265.35 - lr: 0.100000
2021-08-10 20:32:35,634 epoch 1 - iter 110/220 - loss 32.19412046 - samples/sec: 302.11 - lr: 0.100000
2021-08-10 20:32:37,992 epoch 1 - iter 132/220 - loss 29.84367338 - samples/sec: 298.90 - lr: 0.100000
2021-08-10 20:32:40,408 epoch 1 - iter 154/220 - loss 28.03129522 - samples/sec: 291.71 - lr: 0.100000
2021-08-10 20:32:43,106 epoch 1 - iter 176/220 - loss 26.69261109 - samples/sec: 261.18 - lr: 0.100000
2021-08-10 20:32:46,377 epoch 1 - iter 198/220 - loss 25.55205928 - samples/sec: 215.38 - lr: 0.100000
2021-08-10 20:32:48,782 epoch 1 - iter 220/220 - loss 24.51417724 - samples/sec: 292.97 - lr: 0.100000
2021-08-10 20:32:48,783 ----------------------------------------------------------------------------------------------------
2021-08-10 20:32:48,784 EPOCH 1 done: loss 24.5142 - lr 0.1000000
2021-08-10 20:32:50,426 DEV : loss 11.056137084960938 - score 0.4601
2021-08-10 20:32:50,464 BAD EPOCHS (no improvement): 0
2021-08-10 20:32:53,066 ----------------------------------------------------------------------------------------------------
2021-08-10 20:32:55,372 epoch 2 - iter 22/220 - loss 14.01291739 - samples/sec: 305.86 - lr: 0.100000
2021-08-10 20:32:57,617 epoch 2 - iter 44/220 - loss 13.37011509 - samples/sec: 313.86 - lr: 0.100000
2021-08-10 20:32:59,833 epoch 2 - iter 66/220 - loss 12.83642990 - samples/sec: 318.12 - lr: 0.100000
2021-08-10 20:33:02,175 epoch 2 - iter 88/220 - loss 12.30954888 - samples/sec: 300.96 - lr: 0.100000
2021-08-10 20:33:04,434 epoch 2 - iter 110/220 - loss 12.13307016 - samples/sec: 311.99 - lr: 0.100000
2021-08-10 20:33:06,657 epoch 2 - iter 132/220 - loss 11.87728716 - samples/sec: 317.14 - lr: 0.100000
2021-08-10 20:33:08,850 epoch 2 - iter 154/220 - loss 11.64182036 - samples/sec: 321.38 - lr: 0.100000
2021-08-10 20:33:11,036 epoch 2 - iter 176/220 - loss 11.48279742 - samples/sec: 322.45 - lr: 0.100000
2021-08-10 20:33:13,173 epoch 2 - iter 198/220 - loss 11.32827200 - samples/sec: 329.77 - lr: 0.100000
2021-08-10 20:33:15,308 epoch 2 - iter 220/220 - loss 11.19698974 - samples/sec: 330.15 - lr: 0.100000
2021-08-10 20:33:15,310 ----------------------------------------------------------------------------------------------------
2021-08-10 20:33:15,311 EPOCH 2 done: loss 11.1970 - lr 0.1000000
2021-08-10 20:33:16,551 DEV : loss 6.994250297546387 - score 0.5715
2021-08-10 20:33:16,590 BAD EPOCHS (no improvement): 0
2021-08-10 20:33:18,974 ----------------------------------------------------------------------------------------------------
2021-08-10 20:33:21,334 epoch 3 - iter 22/220 - loss 9.18119296 - samples/sec: 298.94 - lr: 0.100000
2021-08-10 20:33:23,530 epoch 3 - iter 44/220 - loss 9.14346253 - samples/sec: 321.02 - lr: 0.100000
2021-08-10 20:33:25,746 epoch 3 - iter 66/220 - loss 9.07066373 - samples/sec: 318.02 - lr: 0.100000
2021-08-10 20:33:27,949 epoch 3 - iter 88/220 - loss 8.92465243 - samples/sec: 320.00 - lr: 0.100000
2021-08-10 20:33:30,202 epoch 3 - iter 110/220 - loss 8.82011647 - samples/sec: 312.88 - lr: 0.100000
2021-08-10 20:33:32,374 epoch 3 - iter 132/220 - loss 8.85791940 - samples/sec: 324.41 - lr: 0.100000
2021-08-10 20:33:34,564 epoch 3 - iter 154/220 - loss 8.70835305 - samples/sec: 321.98 - lr: 0.100000
2021-08-10 20:33:36,788 epoch 3 - iter 176/220 - loss 8.68382586 - samples/sec: 316.92 - lr: 0.100000
2021-08-10 20:33:38,995 epoch 3 - iter 198/220 - loss 8.61966577 - samples/sec: 319.30 - lr: 0.100000
2021-08-10 20:33:41,153 epoch 3 - iter 220/220 - loss 8.51277856 - samples/sec: 326.71 - lr: 0.100000
2021-08-10 20:33:41,154 ----------------------------------------------------------------------------------------------------
2021-08-10 20:33:41,155 EPOCH 3 done: loss 8.5128 - lr 0.1000000
2021-08-10 20:33:42,399 DEV : loss 6.255899429321289 - score 0.5663
2021-08-10 20:33:42,438 BAD EPOCHS (no improvement): 1
2021-08-10 20:33:42,440 ----------------------------------------------------------------------------------------------------
2021-08-10 20:33:44,627 epoch 4 - iter 22/220 - loss 7.69009933 - samples/sec: 322.29 - lr: 0.100000
2021-08-10 20:33:46,789 epoch 4 - iter 44/220 - loss 8.00452355 - samples/sec: 326.09 - lr: 0.100000
2021-08-10 20:33:49,001 epoch 4 - iter 66/220 - loss 7.89205917 - samples/sec: 318.59 - lr: 0.100000
2021-08-10 20:33:51,247 epoch 4 - iter 88/220 - loss 7.79711073 - samples/sec: 313.88 - lr: 0.100000
2021-08-10 20:33:53,432 epoch 4 - iter 110/220 - loss 7.71082184 - samples/sec: 322.65 - lr: 0.100000
2021-08-10 20:33:55,728 epoch 4 - iter 132/220 - loss 7.68740278 - samples/sec: 306.94 - lr: 0.100000
2021-08-10 20:33:57,943 epoch 4 - iter 154/220 - loss 7.63917574 - samples/sec: 318.29 - lr: 0.100000
2021-08-10 20:34:00,174 epoch 4 - iter 176/220 - loss 7.59963559 - samples/sec: 315.95 - lr: 0.100000
2021-08-10 20:34:02,381 epoch 4 - iter 198/220 - loss 7.55778991 - samples/sec: 319.43 - lr: 0.100000
2021-08-10 20:34:04,643 epoch 4 - iter 220/220 - loss 7.49940011 - samples/sec: 311.63 - lr: 0.100000
2021-08-10 20:34:04,644 ----------------------------------------------------------------------------------------------------
2021-08-10 20:34:04,646 EPOCH 4 done: loss 7.4994 - lr 0.1000000
2021-08-10 20:34:05,913 DEV : loss 5.731180191040039 - score 0.6099
2021-08-10 20:34:05,950 BAD EPOCHS (no improvement): 0
2021-08-10 20:34:08,349 ----------------------------------------------------------------------------------------------------
2021-08-10 20:34:10,534 epoch 5 - iter 22/220 - loss 7.18548491 - samples/sec: 322.84 - lr: 0.100000
2021-08-10 20:34:12,653 epoch 5 - iter 44/220 - loss 7.07697520 - samples/sec: 332.75 - lr: 0.100000
2021-08-10 20:34:14,883 epoch 5 - iter 66/220 - loss 7.10400810 - samples/sec: 315.97 - lr: 0.100000
2021-08-10 20:34:17,082 epoch 5 - iter 88/220 - loss 7.03844320 - samples/sec: 320.53 - lr: 0.100000
2021-08-10 20:34:19,449 epoch 5 - iter 110/220 - loss 7.10796838 - samples/sec: 297.80 - lr: 0.100000
2021-08-10 20:34:21,748 epoch 5 - iter 132/220 - loss 7.06763674 - samples/sec: 306.60 - lr: 0.100000
2021-08-10 20:34:23,889 epoch 5 - iter 154/220 - loss 6.97836678 - samples/sec: 329.14 - lr: 0.100000
2021-08-10 20:34:26,108 epoch 5 - iter 176/220 - loss 6.93237993 - samples/sec: 317.62 - lr: 0.100000
2021-08-10 20:34:28,244 epoch 5 - iter 198/220 - loss 6.90769743 - samples/sec: 330.05 - lr: 0.100000
2021-08-10 20:34:30,454 epoch 5 - iter 220/220 - loss 6.86095903 - samples/sec: 318.90 - lr: 0.100000
2021-08-10 20:34:30,455 ----------------------------------------------------------------------------------------------------
2021-08-10 20:34:30,457 EPOCH 5 done: loss 6.8610 - lr 0.1000000
2021-08-10 20:34:31,732 DEV : loss 4.86782169342041 - score 0.6447
2021-08-10 20:34:31,773 BAD EPOCHS (no improvement): 0
2021-08-10 20:34:34,177 ----------------------------------------------------------------------------------------------------
2021-08-10 20:34:36,472 epoch 6 - iter 22/220 - loss 6.50713795 - samples/sec: 307.34 - lr: 0.100000
2021-08-10 20:34:38,751 epoch 6 - iter 44/220 - loss 6.72958754 - samples/sec: 309.30 - lr: 0.100000
2021-08-10 20:34:41,044 epoch 6 - iter 66/220 - loss 6.59841938 - samples/sec: 307.38 - lr: 0.100000
2021-08-10 20:34:43,141 epoch 6 - iter 88/220 - loss 6.62391596 - samples/sec: 336.09 - lr: 0.100000
2021-08-10 20:34:45,324 epoch 6 - iter 110/220 - loss 6.60416951 - samples/sec: 322.94 - lr: 0.100000
2021-08-10 20:34:47,575 epoch 6 - iter 132/220 - loss 6.53321679 - samples/sec: 313.13 - lr: 0.100000
2021-08-10 20:34:49,792 epoch 6 - iter 154/220 - loss 6.55533744 - samples/sec: 317.91 - lr: 0.100000
2021-08-10 20:34:51,901 epoch 6 - iter 176/220 - loss 6.54458536 - samples/sec: 334.22 - lr: 0.100000
2021-08-10 20:34:54,151 epoch 6 - iter 198/220 - loss 6.48823050 - samples/sec: 313.26 - lr: 0.100000
2021-08-10 20:34:56,365 epoch 6 - iter 220/220 - loss 6.43930427 - samples/sec: 318.43 - lr: 0.100000
2021-08-10 20:34:56,366 ----------------------------------------------------------------------------------------------------
2021-08-10 20:34:56,367 EPOCH 6 done: loss 6.4393 - lr 0.1000000
2021-08-10 20:34:57,621 DEV : loss 4.831173419952393 - score 0.6527
2021-08-10 20:34:57,659 BAD EPOCHS (no improvement): 0
2021-08-10 20:35:00,051 ----------------------------------------------------------------------------------------------------
2021-08-10 20:35:02,249 epoch 7 - iter 22/220 - loss 6.04630834 - samples/sec: 320.91 - lr: 0.100000
2021-08-10 20:35:04,494 epoch 7 - iter 44/220 - loss 6.18621578 - samples/sec: 314.21 - lr: 0.100000
2021-08-10 20:35:06,744 epoch 7 - iter 66/220 - loss 6.16853510 - samples/sec: 313.20 - lr: 0.100000
2021-08-10 20:35:08,985 epoch 7 - iter 88/220 - loss 6.24075779 - samples/sec: 314.48 - lr: 0.100000
2021-08-10 20:35:11,233 epoch 7 - iter 110/220 - loss 6.23086332 - samples/sec: 313.62 - lr: 0.100000
2021-08-10 20:35:13,398 epoch 7 - iter 132/220 - loss 6.16231341 - samples/sec: 325.49 - lr: 0.100000
2021-08-10 20:35:15,611 epoch 7 - iter 154/220 - loss 6.14265524 - samples/sec: 318.54 - lr: 0.100000
2021-08-10 20:35:17,763 epoch 7 - iter 176/220 - loss 6.13082410 - samples/sec: 327.55 - lr: 0.100000
2021-08-10 20:35:20,080 epoch 7 - iter 198/220 - loss 6.10280551 - samples/sec: 304.21 - lr: 0.100000
2021-08-10 20:35:22,300 epoch 7 - iter 220/220 - loss 6.11960090 - samples/sec: 317.50 - lr: 0.100000
2021-08-10 20:35:22,301 ----------------------------------------------------------------------------------------------------
2021-08-10 20:35:22,303 EPOCH 7 done: loss 6.1196 - lr 0.1000000
2021-08-10 20:35:23,554 DEV : loss 4.531966686248779 - score 0.6645
2021-08-10 20:35:23,592 BAD EPOCHS (no improvement): 0
2021-08-10 20:35:25,978 ----------------------------------------------------------------------------------------------------
2021-08-10 20:35:28,188 epoch 8 - iter 22/220 - loss 6.14814146 - samples/sec: 319.06 - lr: 0.100000
2021-08-10 20:35:30,494 epoch 8 - iter 44/220 - loss 5.84368014 - samples/sec: 305.65 - lr: 0.100000
2021-08-10 20:35:32,811 epoch 8 - iter 66/220 - loss 5.87132083 - samples/sec: 304.28 - lr: 0.100000
2021-08-10 20:35:35,076 epoch 8 - iter 88/220 - loss 5.90111648 - samples/sec: 311.14 - lr: 0.100000
2021-08-10 20:35:37,302 epoch 8 - iter 110/220 - loss 5.88998071 - samples/sec: 316.74 - lr: 0.100000
2021-08-10 20:35:39,444 epoch 8 - iter 132/220 - loss 5.89441022 - samples/sec: 328.98 - lr: 0.100000
2021-08-10 20:35:41,721 epoch 8 - iter 154/220 - loss 5.93660190 - samples/sec: 309.58 - lr: 0.100000
2021-08-10 20:35:43,976 epoch 8 - iter 176/220 - loss 5.88742091 - samples/sec: 312.63 - lr: 0.100000
2021-08-10 20:35:46,248 epoch 8 - iter 198/220 - loss 5.88752694 - samples/sec: 310.18 - lr: 0.100000
2021-08-10 20:35:48,467 epoch 8 - iter 220/220 - loss 5.87156865 - samples/sec: 317.62 - lr: 0.100000
2021-08-10 20:35:48,469 ----------------------------------------------------------------------------------------------------
2021-08-10 20:35:48,470 EPOCH 8 done: loss 5.8716 - lr 0.1000000
2021-08-10 20:35:49,739 DEV : loss 4.474660396575928 - score 0.6568
2021-08-10 20:35:49,777 BAD EPOCHS (no improvement): 1
2021-08-10 20:35:49,778 ----------------------------------------------------------------------------------------------------
2021-08-10 20:35:51,994 epoch 9 - iter 22/220 - loss 5.76458701 - samples/sec: 318.27 - lr: 0.100000
2021-08-10 20:35:54,272 epoch 9 - iter 44/220 - loss 5.70598137 - samples/sec: 309.39 - lr: 0.100000
2021-08-10 20:35:56,440 epoch 9 - iter 66/220 - loss 5.62555889 - samples/sec: 325.15 - lr: 0.100000
2021-08-10 20:35:58,687 epoch 9 - iter 88/220 - loss 5.59960963 - samples/sec: 313.67 - lr: 0.100000
2021-08-10 20:36:00,816 epoch 9 - iter 110/220 - loss 5.62242778 - samples/sec: 331.19 - lr: 0.100000
2021-08-10 20:36:03,041 epoch 9 - iter 132/220 - loss 5.61466644 - samples/sec: 316.78 - lr: 0.100000
2021-08-10 20:36:05,223 epoch 9 - iter 154/220 - loss 5.57978873 - samples/sec: 322.96 - lr: 0.100000
2021-08-10 20:36:07,326 epoch 9 - iter 176/220 - loss 5.59653095 - samples/sec: 335.19 - lr: 0.100000
2021-08-10 20:36:09,609 epoch 9 - iter 198/220 - loss 5.58039355 - samples/sec: 308.81 - lr: 0.100000
2021-08-10 20:36:11,776 epoch 9 - iter 220/220 - loss 5.61037397 - samples/sec: 325.19 - lr: 0.100000
2021-08-10 20:36:11,778 ----------------------------------------------------------------------------------------------------
2021-08-10 20:36:11,779 EPOCH 9 done: loss 5.6104 - lr 0.1000000
2021-08-10 20:36:13,042 DEV : loss 4.210536956787109 - score 0.6589
2021-08-10 20:36:13,079 BAD EPOCHS (no improvement): 2
2021-08-10 20:36:13,081 ----------------------------------------------------------------------------------------------------
2021-08-10 20:36:15,246 epoch 10 - iter 22/220 - loss 5.54828269 - samples/sec: 325.64 - lr: 0.100000
2021-08-10 20:36:17,363 epoch 10 - iter 44/220 - loss 5.42823014 - samples/sec: 333.06 - lr: 0.100000
2021-08-10 20:36:19,541 epoch 10 - iter 66/220 - loss 5.44426402 - samples/sec: 323.63 - lr: 0.100000
2021-08-10 20:36:21,884 epoch 10 - iter 88/220 - loss 5.46982906 - samples/sec: 300.91 - lr: 0.100000
2021-08-10 20:36:24,327 epoch 10 - iter 110/220 - loss 5.50588938 - samples/sec: 288.57 - lr: 0.100000
2021-08-10 20:36:26,527 epoch 10 - iter 132/220 - loss 5.52533624 - samples/sec: 320.29 - lr: 0.100000
2021-08-10 20:36:28,739 epoch 10 - iter 154/220 - loss 5.55925538 - samples/sec: 318.65 - lr: 0.100000
2021-08-10 20:36:30,890 epoch 10 - iter 176/220 - loss 5.52973633 - samples/sec: 327.66 - lr: 0.100000
2021-08-10 20:36:33,032 epoch 10 - iter 198/220 - loss 5.53038289 - samples/sec: 329.20 - lr: 0.100000
2021-08-10 20:36:35,157 epoch 10 - iter 220/220 - loss 5.53974023 - samples/sec: 331.84 - lr: 0.100000
2021-08-10 20:36:35,158 ----------------------------------------------------------------------------------------------------
2021-08-10 20:36:35,160 EPOCH 10 done: loss 5.5397 - lr 0.1000000
2021-08-10 20:36:37,199 DEV : loss 4.048767566680908 - score 0.6714
2021-08-10 20:36:37,235 BAD EPOCHS (no improvement): 0
2021-08-10 20:36:39,608 ----------------------------------------------------------------------------------------------------
2021-08-10 20:36:41,832 epoch 11 - iter 22/220 - loss 5.56400878 - samples/sec: 317.19 - lr: 0.100000
2021-08-10 20:36:44,007 epoch 11 - iter 44/220 - loss 5.37252187 - samples/sec: 324.09 - lr: 0.100000
2021-08-10 20:36:46,332 epoch 11 - iter 66/220 - loss 5.39874469 - samples/sec: 303.11 - lr: 0.100000
2021-08-10 20:36:48,541 epoch 11 - iter 88/220 - loss 5.38047591 - samples/sec: 319.22 - lr: 0.100000
2021-08-10 20:36:50,717 epoch 11 - iter 110/220 - loss 5.36893348 - samples/sec: 323.90 - lr: 0.100000
2021-08-10 20:36:52,895 epoch 11 - iter 132/220 - loss 5.36470152 - samples/sec: 323.55 - lr: 0.100000
2021-08-10 20:36:55,102 epoch 11 - iter 154/220 - loss 5.39949024 - samples/sec: 319.48 - lr: 0.100000
2021-08-10 20:36:57,339 epoch 11 - iter 176/220 - loss 5.38966092 - samples/sec: 315.00 - lr: 0.100000
2021-08-10 20:36:59,510 epoch 11 - iter 198/220 - loss 5.36905588 - samples/sec: 324.64 - lr: 0.100000
2021-08-10 20:37:01,680 epoch 11 - iter 220/220 - loss 5.35204812 - samples/sec: 324.95 - lr: 0.100000
2021-08-10 20:37:01,681 ----------------------------------------------------------------------------------------------------
2021-08-10 20:37:01,682 EPOCH 11 done: loss 5.3520 - lr 0.1000000
2021-08-10 20:37:02,926 DEV : loss 3.975076913833618 - score 0.6728
2021-08-10 20:37:02,964 BAD EPOCHS (no improvement): 0
2021-08-10 20:37:05,364 ----------------------------------------------------------------------------------------------------
2021-08-10 20:37:07,526 epoch 12 - iter 22/220 - loss 5.43786008 - samples/sec: 326.38 - lr: 0.100000
2021-08-10 20:37:09,778 epoch 12 - iter 44/220 - loss 5.26330958 - samples/sec: 312.99 - lr: 0.100000
2021-08-10 20:37:12,045 epoch 12 - iter 66/220 - loss 5.24170205 - samples/sec: 310.87 - lr: 0.100000
2021-08-10 20:37:14,298 epoch 12 - iter 88/220 - loss 5.33676490 - samples/sec: 312.87 - lr: 0.100000
2021-08-10 20:37:16,552 epoch 12 - iter 110/220 - loss 5.33779796 - samples/sec: 312.68 - lr: 0.100000
2021-08-10 20:37:18,912 epoch 12 - iter 132/220 - loss 5.29826874 - samples/sec: 298.58 - lr: 0.100000
2021-08-10 20:37:21,150 epoch 12 - iter 154/220 - loss 5.24761792 - samples/sec: 315.00 - lr: 0.100000
2021-08-10 20:37:23,371 epoch 12 - iter 176/220 - loss 5.23450451 - samples/sec: 317.30 - lr: 0.100000
2021-08-10 20:37:25,624 epoch 12 - iter 198/220 - loss 5.27977078 - samples/sec: 312.92 - lr: 0.100000
2021-08-10 20:37:27,849 epoch 12 - iter 220/220 - loss 5.27900123 - samples/sec: 316.86 - lr: 0.100000
2021-08-10 20:37:27,850 ----------------------------------------------------------------------------------------------------
2021-08-10 20:37:27,851 EPOCH 12 done: loss 5.2790 - lr 0.1000000
2021-08-10 20:37:29,116 DEV : loss 4.236865997314453 - score 0.6647
2021-08-10 20:37:29,154 BAD EPOCHS (no improvement): 1
2021-08-10 20:37:29,156 ----------------------------------------------------------------------------------------------------
2021-08-10 20:37:31,351 epoch 13 - iter 22/220 - loss 5.04648624 - samples/sec: 321.26 - lr: 0.100000
2021-08-10 20:37:33,517 epoch 13 - iter 44/220 - loss 4.89888718 - samples/sec: 325.41 - lr: 0.100000
2021-08-10 20:37:35,684 epoch 13 - iter 66/220 - loss 4.92280251 - samples/sec: 325.40 - lr: 0.100000
2021-08-10 20:37:37,864 epoch 13 - iter 88/220 - loss 4.99211288 - samples/sec: 323.32 - lr: 0.100000
2021-08-10 20:37:40,066 epoch 13 - iter 110/220 - loss 5.01754868 - samples/sec: 319.99 - lr: 0.100000
2021-08-10 20:37:42,206 epoch 13 - iter 132/220 - loss 5.00486447 - samples/sec: 329.42 - lr: 0.100000
2021-08-10 20:37:44,392 epoch 13 - iter 154/220 - loss 5.08886695 - samples/sec: 322.43 - lr: 0.100000
2021-08-10 20:37:46,610 epoch 13 - iter 176/220 - loss 5.11770394 - samples/sec: 317.74 - lr: 0.100000
2021-08-10 20:37:48,810 epoch 13 - iter 198/220 - loss 5.13360888 - samples/sec: 320.39 - lr: 0.100000
2021-08-10 20:37:50,968 epoch 13 - iter 220/220 - loss 5.15591678 - samples/sec: 326.70 - lr: 0.100000
2021-08-10 20:37:50,969 ----------------------------------------------------------------------------------------------------
2021-08-10 20:37:50,970 EPOCH 13 done: loss 5.1559 - lr 0.1000000
2021-08-10 20:37:52,221 DEV : loss 3.994971752166748 - score 0.6889
2021-08-10 20:37:52,258 BAD EPOCHS (no improvement): 0
2021-08-10 20:37:54,691 ----------------------------------------------------------------------------------------------------
2021-08-10 20:37:56,915 epoch 14 - iter 22/220 - loss 4.97250096 - samples/sec: 317.09 - lr: 0.100000
2021-08-10 20:37:59,194 epoch 14 - iter 44/220 - loss 5.00211977 - samples/sec: 309.34 - lr: 0.100000
2021-08-10 20:38:01,431 epoch 14 - iter 66/220 - loss 5.10783436 - samples/sec: 315.03 - lr: 0.100000
2021-08-10 20:38:03,635 epoch 14 - iter 88/220 - loss 5.03855847 - samples/sec: 319.86 - lr: 0.100000
2021-08-10 20:38:05,808 epoch 14 - iter 110/220 - loss 5.04471449 - samples/sec: 324.32 - lr: 0.100000
2021-08-10 20:38:08,055 epoch 14 - iter 132/220 - loss 5.05758348 - samples/sec: 313.71 - lr: 0.100000
2021-08-10 20:38:10,194 epoch 14 - iter 154/220 - loss 5.06836701 - samples/sec: 329.49 - lr: 0.100000
2021-08-10 20:38:12,424 epoch 14 - iter 176/220 - loss 5.07877274 - samples/sec: 316.05 - lr: 0.100000
2021-08-10 20:38:14,563 epoch 14 - iter 198/220 - loss 5.05333509 - samples/sec: 329.51 - lr: 0.100000
2021-08-10 20:38:16,770 epoch 14 - iter 220/220 - loss 5.05362133 - samples/sec: 319.44 - lr: 0.100000
2021-08-10 20:38:16,771 ----------------------------------------------------------------------------------------------------
2021-08-10 20:38:16,773 EPOCH 14 done: loss 5.0536 - lr 0.1000000
2021-08-10 20:38:18,038 DEV : loss 3.789268732070923 - score 0.6873
2021-08-10 20:38:18,078 BAD EPOCHS (no improvement): 1
2021-08-10 20:38:18,080 ----------------------------------------------------------------------------------------------------
2021-08-10 20:38:20,259 epoch 15 - iter 22/220 - loss 5.31088527 - samples/sec: 323.57 - lr: 0.100000
2021-08-10 20:38:22,428 epoch 15 - iter 44/220 - loss 5.08251270 - samples/sec: 324.97 - lr: 0.100000
2021-08-10 20:38:24,612 epoch 15 - iter 66/220 - loss 4.97558837 - samples/sec: 322.76 - lr: 0.100000
2021-08-10 20:38:26,852 epoch 15 - iter 88/220 - loss 4.98809675 - samples/sec: 314.65 - lr: 0.100000
2021-08-10 20:38:29,144 epoch 15 - iter 110/220 - loss 5.00359264 - samples/sec: 307.45 - lr: 0.100000
2021-08-10 20:38:31,380 epoch 15 - iter 132/220 - loss 5.04758579 - samples/sec: 315.31 - lr: 0.100000
2021-08-10 20:38:33,675 epoch 15 - iter 154/220 - loss 5.04218714 - samples/sec: 307.02 - lr: 0.100000
2021-08-10 20:38:35,876 epoch 15 - iter 176/220 - loss 5.01906387 - samples/sec: 320.23 - lr: 0.100000
2021-08-10 20:38:38,135 epoch 15 - iter 198/220 - loss 5.01066445 - samples/sec: 312.01 - lr: 0.100000
2021-08-10 20:38:40,246 epoch 15 - iter 220/220 - loss 5.02466555 - samples/sec: 334.01 - lr: 0.100000
2021-08-10 20:38:40,247 ----------------------------------------------------------------------------------------------------
2021-08-10 20:38:40,249 EPOCH 15 done: loss 5.0247 - lr 0.1000000
2021-08-10 20:38:41,505 DEV : loss 3.8494579792022705 - score 0.6812
2021-08-10 20:38:41,543 BAD EPOCHS (no improvement): 2
2021-08-10 20:38:41,546 ----------------------------------------------------------------------------------------------------
2021-08-10 20:38:43,725 epoch 16 - iter 22/220 - loss 4.75176417 - samples/sec: 323.71 - lr: 0.100000
2021-08-10 20:38:45,932 epoch 16 - iter 44/220 - loss 4.98368455 - samples/sec: 319.34 - lr: 0.100000
2021-08-10 20:38:48,078 epoch 16 - iter 66/220 - loss 5.01578060 - samples/sec: 328.50 - lr: 0.100000
2021-08-10 20:38:50,255 epoch 16 - iter 88/220 - loss 4.96355851 - samples/sec: 323.91 - lr: 0.100000
2021-08-10 20:38:52,387 epoch 16 - iter 110/220 - loss 4.91455777 - samples/sec: 330.50 - lr: 0.100000
2021-08-10 20:38:54,515 epoch 16 - iter 132/220 - loss 4.90410728 - samples/sec: 331.42 - lr: 0.100000
2021-08-10 20:38:56,794 epoch 16 - iter 154/220 - loss 4.90599408 - samples/sec: 309.20 - lr: 0.100000
2021-08-10 20:38:58,986 epoch 16 - iter 176/220 - loss 4.88470791 - samples/sec: 321.58 - lr: 0.100000
2021-08-10 20:39:01,216 epoch 16 - iter 198/220 - loss 4.91990957 - samples/sec: 316.02 - lr: 0.100000
2021-08-10 20:39:03,434 epoch 16 - iter 220/220 - loss 4.91898378 - samples/sec: 317.85 - lr: 0.100000
2021-08-10 20:39:03,435 ----------------------------------------------------------------------------------------------------
2021-08-10 20:39:03,436 EPOCH 16 done: loss 4.9190 - lr 0.1000000
2021-08-10 20:39:04,701 DEV : loss 3.8864622116088867 - score 0.685
2021-08-10 20:39:04,738 BAD EPOCHS (no improvement): 3
2021-08-10 20:39:04,739 ----------------------------------------------------------------------------------------------------
2021-08-10 20:39:06,988 epoch 17 - iter 22/220 - loss 5.19836188 - samples/sec: 313.84 - lr: 0.100000
2021-08-10 20:39:09,240 epoch 17 - iter 44/220 - loss 4.96101107 - samples/sec: 312.91 - lr: 0.100000
2021-08-10 20:39:11,405 epoch 17 - iter 66/220 - loss 4.87268813 - samples/sec: 325.64 - lr: 0.100000
2021-08-10 20:39:13,627 epoch 17 - iter 88/220 - loss 4.92183151 - samples/sec: 317.20 - lr: 0.100000
2021-08-10 20:39:15,808 epoch 17 - iter 110/220 - loss 4.94484051 - samples/sec: 323.19 - lr: 0.100000
2021-08-10 20:39:17,948 epoch 17 - iter 132/220 - loss 4.91371397 - samples/sec: 329.26 - lr: 0.100000
2021-08-10 20:39:20,272 epoch 17 - iter 154/220 - loss 4.90782539 - samples/sec: 303.37 - lr: 0.100000
2021-08-10 20:39:22,424 epoch 17 - iter 176/220 - loss 4.88869057 - samples/sec: 327.52 - lr: 0.100000
2021-08-10 20:39:24,608 epoch 17 - iter 198/220 - loss 4.87485263 - samples/sec: 322.66 - lr: 0.100000
2021-08-10 20:39:26,719 epoch 17 - iter 220/220 - loss 4.84665320 - samples/sec: 333.96 - lr: 0.100000
2021-08-10 20:39:26,720 ----------------------------------------------------------------------------------------------------
2021-08-10 20:39:26,721 EPOCH 17 done: loss 4.8467 - lr 0.1000000
2021-08-10 20:39:27,972 DEV : loss 3.9349114894866943 - score 0.6811
2021-08-10 20:39:28,011 BAD EPOCHS (no improvement): 4
2021-08-10 20:39:28,013 ----------------------------------------------------------------------------------------------------
2021-08-10 20:39:30,219 epoch 18 - iter 22/220 - loss 4.66145674 - samples/sec: 319.69 - lr: 0.050000
2021-08-10 20:39:32,474 epoch 18 - iter 44/220 - loss 4.68874832 - samples/sec: 312.51 - lr: 0.050000
2021-08-10 20:39:34,850 epoch 18 - iter 66/220 - loss 4.69581907 - samples/sec: 296.63 - lr: 0.050000
2021-08-10 20:39:37,071 epoch 18 - iter 88/220 - loss 4.74427154 - samples/sec: 317.32 - lr: 0.050000
2021-08-10 20:39:39,295 epoch 18 - iter 110/220 - loss 4.75797117 - samples/sec: 317.03 - lr: 0.050000
2021-08-10 20:39:41,557 epoch 18 - iter 132/220 - loss 4.71682370 - samples/sec: 311.47 - lr: 0.050000
2021-08-10 20:39:43,800 epoch 18 - iter 154/220 - loss 4.66398639 - samples/sec: 314.30 - lr: 0.050000
2021-08-10 20:39:45,923 epoch 18 - iter 176/220 - loss 4.63031171 - samples/sec: 331.98 - lr: 0.050000
2021-08-10 20:39:48,013 epoch 18 - iter 198/220 - loss 4.59243794 - samples/sec: 337.31 - lr: 0.050000
2021-08-10 20:39:50,172 epoch 18 - iter 220/220 - loss 4.56399215 - samples/sec: 326.49 - lr: 0.050000
2021-08-10 20:39:50,173 ----------------------------------------------------------------------------------------------------
2021-08-10 20:39:50,174 EPOCH 18 done: loss 4.5640 - lr 0.0500000
2021-08-10 20:39:51,434 DEV : loss 3.640432357788086 - score 0.6947
2021-08-10 20:39:51,471 BAD EPOCHS (no improvement): 0
2021-08-10 20:39:53,857 ----------------------------------------------------------------------------------------------------
2021-08-10 20:39:56,019 epoch 19 - iter 22/220 - loss 4.69697346 - samples/sec: 326.34 - lr: 0.050000
2021-08-10 20:39:58,260 epoch 19 - iter 44/220 - loss 4.52091658 - samples/sec: 314.49 - lr: 0.050000
2021-08-10 20:40:00,583 epoch 19 - iter 66/220 - loss 4.56301592 - samples/sec: 303.49 - lr: 0.050000
2021-08-10 20:40:02,772 epoch 19 - iter 88/220 - loss 4.56123667 - samples/sec: 322.06 - lr: 0.050000
2021-08-10 20:40:04,925 epoch 19 - iter 110/220 - loss 4.54201059 - samples/sec: 327.27 - lr: 0.050000
2021-08-10 20:40:07,112 epoch 19 - iter 132/220 - loss 4.51157976 - samples/sec: 322.34 - lr: 0.050000
2021-08-10 20:40:09,377 epoch 19 - iter 154/220 - loss 4.49985673 - samples/sec: 311.14 - lr: 0.050000
2021-08-10 20:40:11,532 epoch 19 - iter 176/220 - loss 4.48115694 - samples/sec: 327.05 - lr: 0.050000
2021-08-10 20:40:13,683 epoch 19 - iter 198/220 - loss 4.48102649 - samples/sec: 327.69 - lr: 0.050000
2021-08-10 20:40:15,876 epoch 19 - iter 220/220 - loss 4.47521596 - samples/sec: 321.48 - lr: 0.050000
2021-08-10 20:40:15,877 ----------------------------------------------------------------------------------------------------
2021-08-10 20:40:15,878 EPOCH 19 done: loss 4.4752 - lr 0.0500000
2021-08-10 20:40:17,169 DEV : loss 3.753237009048462 - score 0.6967
2021-08-10 20:40:17,206 BAD EPOCHS (no improvement): 0
2021-08-10 20:40:19,592 ----------------------------------------------------------------------------------------------------
2021-08-10 20:40:21,921 epoch 20 - iter 22/220 - loss 4.40625180 - samples/sec: 302.80 - lr: 0.050000
2021-08-10 20:40:24,160 epoch 20 - iter 44/220 - loss 4.56457197 - samples/sec: 314.86 - lr: 0.050000
2021-08-10 20:40:26,360 epoch 20 - iter 66/220 - loss 4.47613001 - samples/sec: 320.44 - lr: 0.050000
2021-08-10 20:40:28,486 epoch 20 - iter 88/220 - loss 4.37689371 - samples/sec: 331.43 - lr: 0.050000
2021-08-10 20:40:30,676 epoch 20 - iter 110/220 - loss 4.37247473 - samples/sec: 321.84 - lr: 0.050000
2021-08-10 20:40:32,799 epoch 20 - iter 132/220 - loss 4.41511043 - samples/sec: 332.19 - lr: 0.050000
2021-08-10 20:40:35,004 epoch 20 - iter 154/220 - loss 4.41235345 - samples/sec: 319.60 - lr: 0.050000
2021-08-10 20:40:37,273 epoch 20 - iter 176/220 - loss 4.44360227 - samples/sec: 310.57 - lr: 0.050000
2021-08-10 20:40:39,480 epoch 20 - iter 198/220 - loss 4.44013555 - samples/sec: 319.45 - lr: 0.050000
2021-08-10 20:40:41,668 epoch 20 - iter 220/220 - loss 4.43492957 - samples/sec: 322.11 - lr: 0.050000
2021-08-10 20:40:41,669 ----------------------------------------------------------------------------------------------------
2021-08-10 20:40:41,670 EPOCH 20 done: loss 4.4349 - lr 0.0500000
2021-08-10 20:40:42,941 DEV : loss 3.5540337562561035 - score 0.7052
2021-08-10 20:40:42,980 BAD EPOCHS (no improvement): 0
2021-08-10 20:40:45,381 ----------------------------------------------------------------------------------------------------
2021-08-10 20:40:47,608 epoch 21 - iter 22/220 - loss 4.13447300 - samples/sec: 316.86 - lr: 0.050000
2021-08-10 20:40:49,779 epoch 21 - iter 44/220 - loss 4.23226127 - samples/sec: 324.57 - lr: 0.050000
2021-08-10 20:40:51,950 epoch 21 - iter 66/220 - loss 4.24493383 - samples/sec: 324.71 - lr: 0.050000
2021-08-10 20:40:54,169 epoch 21 - iter 88/220 - loss 4.32236521 - samples/sec: 317.73 - lr: 0.050000
2021-08-10 20:40:56,392 epoch 21 - iter 110/220 - loss 4.35688687 - samples/sec: 317.06 - lr: 0.050000
2021-08-10 20:40:58,525 epoch 21 - iter 132/220 - loss 4.35636827 - samples/sec: 330.40 - lr: 0.050000
2021-08-10 20:41:00,798 epoch 21 - iter 154/220 - loss 4.38413336 - samples/sec: 310.15 - lr: 0.050000
2021-08-10 20:41:02,977 epoch 21 - iter 176/220 - loss 4.38526439 - samples/sec: 323.50 - lr: 0.050000
2021-08-10 20:41:05,267 epoch 21 - iter 198/220 - loss 4.38505570 - samples/sec: 307.71 - lr: 0.050000
2021-08-10 20:41:07,490 epoch 21 - iter 220/220 - loss 4.39405392 - samples/sec: 317.01 - lr: 0.050000
2021-08-10 20:41:07,492 ----------------------------------------------------------------------------------------------------
2021-08-10 20:41:07,493 EPOCH 21 done: loss 4.3941 - lr 0.0500000
2021-08-10 20:41:08,766 DEV : loss 3.592362403869629 - score 0.6947
2021-08-10 20:41:08,804 BAD EPOCHS (no improvement): 1
2021-08-10 20:41:08,805 ----------------------------------------------------------------------------------------------------
2021-08-10 20:41:11,057 epoch 22 - iter 22/220 - loss 4.18635508 - samples/sec: 313.30 - lr: 0.050000
2021-08-10 20:41:13,287 epoch 22 - iter 44/220 - loss 4.33921473 - samples/sec: 316.11 - lr: 0.050000
2021-08-10 20:41:15,471 epoch 22 - iter 66/220 - loss 4.30562844 - samples/sec: 322.72 - lr: 0.050000
2021-08-10 20:41:17,659 epoch 22 - iter 88/220 - loss 4.27219515 - samples/sec: 322.11 - lr: 0.050000
2021-08-10 20:41:19,841 epoch 22 - iter 110/220 - loss 4.30423480 - samples/sec: 322.97 - lr: 0.050000
2021-08-10 20:41:21,992 epoch 22 - iter 132/220 - loss 4.29498805 - samples/sec: 327.82 - lr: 0.050000
2021-08-10 20:41:24,226 epoch 22 - iter 154/220 - loss 4.33320940 - samples/sec: 315.46 - lr: 0.050000
2021-08-10 20:41:26,392 epoch 22 - iter 176/220 - loss 4.30643935 - samples/sec: 325.35 - lr: 0.050000
2021-08-10 20:41:28,646 epoch 22 - iter 198/220 - loss 4.32905059 - samples/sec: 312.69 - lr: 0.050000
2021-08-10 20:41:30,959 epoch 22 - iter 220/220 - loss 4.34233250 - samples/sec: 304.81 - lr: 0.050000
2021-08-10 20:41:30,960 ----------------------------------------------------------------------------------------------------
2021-08-10 20:41:30,961 EPOCH 22 done: loss 4.3423 - lr 0.0500000
2021-08-10 20:41:32,213 DEV : loss 3.474743604660034 - score 0.7083
2021-08-10 20:41:32,251 BAD EPOCHS (no improvement): 0
2021-08-10 20:41:34,633 ----------------------------------------------------------------------------------------------------
2021-08-10 20:41:36,855 epoch 23 - iter 22/220 - loss 4.02050745 - samples/sec: 317.40 - lr: 0.050000
2021-08-10 20:41:39,056 epoch 23 - iter 44/220 - loss 4.23494124 - samples/sec: 320.30 - lr: 0.050000
2021-08-10 20:41:41,296 epoch 23 - iter 66/220 - loss 4.15224136 - samples/sec: 314.59 - lr: 0.050000
2021-08-10 20:41:43,513 epoch 23 - iter 88/220 - loss 4.20473204 - samples/sec: 317.87 - lr: 0.050000
2021-08-10 20:41:45,850 epoch 23 - iter 110/220 - loss 4.25622144 - samples/sec: 301.69 - lr: 0.050000
2021-08-10 20:41:47,979 epoch 23 - iter 132/220 - loss 4.26395291 - samples/sec: 330.97 - lr: 0.050000
2021-08-10 20:41:50,119 epoch 23 - iter 154/220 - loss 4.29591593 - samples/sec: 329.50 - lr: 0.050000
2021-08-10 20:41:52,396 epoch 23 - iter 176/220 - loss 4.27750969 - samples/sec: 309.44 - lr: 0.050000
2021-08-10 20:41:54,544 epoch 23 - iter 198/220 - loss 4.30844830 - samples/sec: 328.27 - lr: 0.050000
2021-08-10 20:41:56,684 epoch 23 - iter 220/220 - loss 4.31619521 - samples/sec: 329.58 - lr: 0.050000
2021-08-10 20:41:56,685 ----------------------------------------------------------------------------------------------------
2021-08-10 20:41:56,686 EPOCH 23 done: loss 4.3162 - lr 0.0500000
2021-08-10 20:41:58,726 DEV : loss 3.4817867279052734 - score 0.6958
2021-08-10 20:41:58,766 BAD EPOCHS (no improvement): 1
2021-08-10 20:41:58,768 ----------------------------------------------------------------------------------------------------
2021-08-10 20:42:00,907 epoch 24 - iter 22/220 - loss 4.21028414 - samples/sec: 329.62 - lr: 0.050000
2021-08-10 20:42:03,104 epoch 24 - iter 44/220 - loss 4.27685715 - samples/sec: 320.88 - lr: 0.050000
2021-08-10 20:42:05,216 epoch 24 - iter 66/220 - loss 4.32666779 - samples/sec: 333.69 - lr: 0.050000
2021-08-10 20:42:07,383 epoch 24 - iter 88/220 - loss 4.36965914 - samples/sec: 325.22 - lr: 0.050000
2021-08-10 20:42:09,608 epoch 24 - iter 110/220 - loss 4.32796413 - samples/sec: 316.87 - lr: 0.050000
2021-08-10 20:42:11,814 epoch 24 - iter 132/220 - loss 4.33292941 - samples/sec: 319.43 - lr: 0.050000
2021-08-10 20:42:13,924 epoch 24 - iter 154/220 - loss 4.35503474 - samples/sec: 334.05 - lr: 0.050000
2021-08-10 20:42:16,229 epoch 24 - iter 176/220 - loss 4.34030962 - samples/sec: 305.86 - lr: 0.050000
2021-08-10 20:42:18,525 epoch 24 - iter 198/220 - loss 4.33381737 - samples/sec: 307.00 - lr: 0.050000
2021-08-10 20:42:20,874 epoch 24 - iter 220/220 - loss 4.33282679 - samples/sec: 300.07 - lr: 0.050000
2021-08-10 20:42:20,876 ----------------------------------------------------------------------------------------------------
2021-08-10 20:42:20,878 EPOCH 24 done: loss 4.3328 - lr 0.0500000
2021-08-10 20:42:22,169 DEV : loss 3.464876890182495 - score 0.7124
2021-08-10 20:42:22,207 BAD EPOCHS (no improvement): 0
2021-08-10 20:42:24,680 ----------------------------------------------------------------------------------------------------
2021-08-10 20:42:27,009 epoch 25 - iter 22/220 - loss 4.27950936 - samples/sec: 302.76 - lr: 0.050000
2021-08-10 20:42:29,338 epoch 25 - iter 44/220 - loss 4.36654219 - samples/sec: 302.72 - lr: 0.050000
2021-08-10 20:42:31,610 epoch 25 - iter 66/220 - loss 4.31297631 - samples/sec: 310.14 - lr: 0.050000
2021-08-10 20:42:33,939 epoch 25 - iter 88/220 - loss 4.34857569 - samples/sec: 302.73 - lr: 0.050000
2021-08-10 20:42:36,125 epoch 25 - iter 110/220 - loss 4.35370738 - samples/sec: 322.42 - lr: 0.050000
2021-08-10 20:42:38,366 epoch 25 - iter 132/220 - loss 4.34121133 - samples/sec: 314.57 - lr: 0.050000
2021-08-10 20:42:40,539 epoch 25 - iter 154/220 - loss 4.33015860 - samples/sec: 324.39 - lr: 0.050000
2021-08-10 20:42:42,725 epoch 25 - iter 176/220 - loss 4.31790090 - samples/sec: 322.44 - lr: 0.050000
2021-08-10 20:42:44,892 epoch 25 - iter 198/220 - loss 4.30271409 - samples/sec: 325.21 - lr: 0.050000
2021-08-10 20:42:47,054 epoch 25 - iter 220/220 - loss 4.29256774 - samples/sec: 326.03 - lr: 0.050000
2021-08-10 20:42:47,055 ----------------------------------------------------------------------------------------------------
2021-08-10 20:42:47,057 EPOCH 25 done: loss 4.2926 - lr 0.0500000
2021-08-10 20:42:48,322 DEV : loss 3.5183303356170654 - score 0.6967
2021-08-10 20:42:48,359 BAD EPOCHS (no improvement): 1
2021-08-10 20:42:48,361 ----------------------------------------------------------------------------------------------------
2021-08-10 20:42:50,532 epoch 26 - iter 22/220 - loss 4.27193961 - samples/sec: 324.90 - lr: 0.050000
2021-08-10 20:42:52,670 epoch 26 - iter 44/220 - loss 4.14499255 - samples/sec: 329.60 - lr: 0.050000
2021-08-10 20:42:55,047 epoch 26 - iter 66/220 - loss 4.22666878 - samples/sec: 296.62 - lr: 0.050000
2021-08-10 20:42:57,346 epoch 26 - iter 88/220 - loss 4.21413909 - samples/sec: 306.54 - lr: 0.050000
2021-08-10 20:42:59,488 epoch 26 - iter 110/220 - loss 4.21365208 - samples/sec: 329.11 - lr: 0.050000
2021-08-10 20:43:01,690 epoch 26 - iter 132/220 - loss 4.25560477 - samples/sec: 320.08 - lr: 0.050000
2021-08-10 20:43:03,853 epoch 26 - iter 154/220 - loss 4.30151030 - samples/sec: 325.77 - lr: 0.050000
2021-08-10 20:43:06,041 epoch 26 - iter 176/220 - loss 4.30015740 - samples/sec: 322.17 - lr: 0.050000
2021-08-10 20:43:08,273 epoch 26 - iter 198/220 - loss 4.28001303 - samples/sec: 315.84 - lr: 0.050000
2021-08-10 20:43:10,407 epoch 26 - iter 220/220 - loss 4.25237445 - samples/sec: 330.20 - lr: 0.050000
2021-08-10 20:43:10,409 ----------------------------------------------------------------------------------------------------
2021-08-10 20:43:10,410 EPOCH 26 done: loss 4.2524 - lr 0.0500000
2021-08-10 20:43:11,662 DEV : loss 3.506711721420288 - score 0.6979
2021-08-10 20:43:11,700 BAD EPOCHS (no improvement): 2
2021-08-10 20:43:11,702 ----------------------------------------------------------------------------------------------------
2021-08-10 20:43:13,894 epoch 27 - iter 22/220 - loss 4.06952285 - samples/sec: 321.70 - lr: 0.050000
2021-08-10 20:43:16,044 epoch 27 - iter 44/220 - loss 4.21580637 - samples/sec: 327.84 - lr: 0.050000
2021-08-10 20:43:18,229 epoch 27 - iter 66/220 - loss 4.17145651 - samples/sec: 322.65 - lr: 0.050000
2021-08-10 20:43:20,524 epoch 27 - iter 88/220 - loss 4.16335073 - samples/sec: 307.12 - lr: 0.050000
2021-08-10 20:43:22,745 epoch 27 - iter 110/220 - loss 4.18103826 - samples/sec: 317.31 - lr: 0.050000
2021-08-10 20:43:25,102 epoch 27 - iter 132/220 - loss 4.26790261 - samples/sec: 299.03 - lr: 0.050000
2021-08-10 20:43:27,238 epoch 27 - iter 154/220 - loss 4.23382942 - samples/sec: 329.91 - lr: 0.050000
2021-08-10 20:43:29,448 epoch 27 - iter 176/220 - loss 4.24952331 - samples/sec: 318.97 - lr: 0.050000
2021-08-10 20:43:31,644 epoch 27 - iter 198/220 - loss 4.21882550 - samples/sec: 321.03 - lr: 0.050000
2021-08-10 20:43:33,743 epoch 27 - iter 220/220 - loss 4.22875800 - samples/sec: 335.86 - lr: 0.050000
2021-08-10 20:43:33,745 ----------------------------------------------------------------------------------------------------
2021-08-10 20:43:33,746 EPOCH 27 done: loss 4.2288 - lr 0.0500000
2021-08-10 20:43:34,996 DEV : loss 3.4504611492156982 - score 0.7154
2021-08-10 20:43:35,034 BAD EPOCHS (no improvement): 0
2021-08-10 20:43:37,417 ----------------------------------------------------------------------------------------------------
2021-08-10 20:43:39,699 epoch 28 - iter 22/220 - loss 4.20051277 - samples/sec: 309.10 - lr: 0.050000
2021-08-10 20:43:41,971 epoch 28 - iter 44/220 - loss 4.16590338 - samples/sec: 310.25 - lr: 0.050000
2021-08-10 20:43:44,166 epoch 28 - iter 66/220 - loss 4.22741588 - samples/sec: 321.09 - lr: 0.050000
2021-08-10 20:43:46,408 epoch 28 - iter 88/220 - loss 4.22005649 - samples/sec: 314.40 - lr: 0.050000
2021-08-10 20:43:48,587 epoch 28 - iter 110/220 - loss 4.19076209 - samples/sec: 323.34 - lr: 0.050000
2021-08-10 20:43:50,707 epoch 28 - iter 132/220 - loss 4.19581188 - samples/sec: 332.58 - lr: 0.050000
2021-08-10 20:43:52,872 epoch 28 - iter 154/220 - loss 4.19739725 - samples/sec: 325.47 - lr: 0.050000
2021-08-10 20:43:55,050 epoch 28 - iter 176/220 - loss 4.19679772 - samples/sec: 323.70 - lr: 0.050000
2021-08-10 20:43:57,263 epoch 28 - iter 198/220 - loss 4.19738626 - samples/sec: 318.54 - lr: 0.050000
2021-08-10 20:43:59,531 epoch 28 - iter 220/220 - loss 4.21932637 - samples/sec: 310.72 - lr: 0.050000
2021-08-10 20:43:59,532 ----------------------------------------------------------------------------------------------------
2021-08-10 20:43:59,533 EPOCH 28 done: loss 4.2193 - lr 0.0500000
2021-08-10 20:44:00,806 DEV : loss 3.484105110168457 - score 0.7031
2021-08-10 20:44:00,849 BAD EPOCHS (no improvement): 1
2021-08-10 20:44:00,851 ----------------------------------------------------------------------------------------------------
2021-08-10 20:44:02,948 epoch 29 - iter 22/220 - loss 4.14414714 - samples/sec: 336.43 - lr: 0.050000
2021-08-10 20:44:05,069 epoch 29 - iter 44/220 - loss 4.21160407 - samples/sec: 332.39 - lr: 0.050000
2021-08-10 20:44:07,276 epoch 29 - iter 66/220 - loss 4.12307234 - samples/sec: 319.36 - lr: 0.050000
2021-08-10 20:44:09,576 epoch 29 - iter 88/220 - loss 4.12741512 - samples/sec: 306.50 - lr: 0.050000
2021-08-10 20:44:11,821 epoch 29 - iter 110/220 - loss 4.17054898 - samples/sec: 313.95 - lr: 0.050000
2021-08-10 20:44:14,070 epoch 29 - iter 132/220 - loss 4.18034137 - samples/sec: 313.40 - lr: 0.050000
2021-08-10 20:44:16,217 epoch 29 - iter 154/220 - loss 4.15627936 - samples/sec: 328.39 - lr: 0.050000
2021-08-10 20:44:18,404 epoch 29 - iter 176/220 - loss 4.12936325 - samples/sec: 322.17 - lr: 0.050000
2021-08-10 20:44:20,633 epoch 29 - iter 198/220 - loss 4.13696322 - samples/sec: 316.30 - lr: 0.050000
2021-08-10 20:44:22,837 epoch 29 - iter 220/220 - loss 4.16548532 - samples/sec: 319.73 - lr: 0.050000
2021-08-10 20:44:22,839 ----------------------------------------------------------------------------------------------------
2021-08-10 20:44:22,840 EPOCH 29 done: loss 4.1655 - lr 0.0500000
2021-08-10 20:44:24,109 DEV : loss 3.4307191371917725 - score 0.6999
2021-08-10 20:44:24,147 BAD EPOCHS (no improvement): 2
2021-08-10 20:44:24,149 ----------------------------------------------------------------------------------------------------
2021-08-10 20:44:26,357 epoch 30 - iter 22/220 - loss 3.98529365 - samples/sec: 319.49 - lr: 0.050000
2021-08-10 20:44:28,457 epoch 30 - iter 44/220 - loss 4.05827998 - samples/sec: 335.75 - lr: 0.050000
2021-08-10 20:44:30,688 epoch 30 - iter 66/220 - loss 4.04491900 - samples/sec: 315.94 - lr: 0.050000
2021-08-10 20:44:32,974 epoch 30 - iter 88/220 - loss 4.10461052 - samples/sec: 308.25 - lr: 0.050000
2021-08-10 20:44:35,167 epoch 30 - iter 110/220 - loss 4.12111152 - samples/sec: 321.59 - lr: 0.050000
2021-08-10 20:44:37,388 epoch 30 - iter 132/220 - loss 4.13898741 - samples/sec: 317.30 - lr: 0.050000
2021-08-10 20:44:39,609 epoch 30 - iter 154/220 - loss 4.13271907 - samples/sec: 317.33 - lr: 0.050000
2021-08-10 20:44:41,798 epoch 30 - iter 176/220 - loss 4.09865887 - samples/sec: 322.06 - lr: 0.050000
2021-08-10 20:44:44,032 epoch 30 - iter 198/220 - loss 4.13166833 - samples/sec: 315.37 - lr: 0.050000
2021-08-10 20:44:46,184 epoch 30 - iter 220/220 - loss 4.16536573 - samples/sec: 327.65 - lr: 0.050000
2021-08-10 20:44:46,185 ----------------------------------------------------------------------------------------------------
2021-08-10 20:44:46,186 EPOCH 30 done: loss 4.1654 - lr 0.0500000
2021-08-10 20:44:47,432 DEV : loss 3.440380811691284 - score 0.7047
2021-08-10 20:44:47,469 BAD EPOCHS (no improvement): 3
2021-08-10 20:44:47,470 ----------------------------------------------------------------------------------------------------
2021-08-10 20:44:49,717 epoch 31 - iter 22/220 - loss 4.11299761 - samples/sec: 313.84 - lr: 0.050000
2021-08-10 20:44:51,888 epoch 31 - iter 44/220 - loss 4.19027015 - samples/sec: 324.76 - lr: 0.050000
2021-08-10 20:44:54,089 epoch 31 - iter 66/220 - loss 4.11826751 - samples/sec: 320.18 - lr: 0.050000
2021-08-10 20:44:56,250 epoch 31 - iter 88/220 - loss 4.10827326 - samples/sec: 326.15 - lr: 0.050000
2021-08-10 20:44:58,412 epoch 31 - iter 110/220 - loss 4.12121722 - samples/sec: 326.06 - lr: 0.050000
2021-08-10 20:45:00,533 epoch 31 - iter 132/220 - loss 4.10636763 - samples/sec: 332.35 - lr: 0.050000
2021-08-10 20:45:02,792 epoch 31 - iter 154/220 - loss 4.14792786 - samples/sec: 312.02 - lr: 0.050000
2021-08-10 20:45:04,994 epoch 31 - iter 176/220 - loss 4.16089460 - samples/sec: 320.11 - lr: 0.050000
2021-08-10 20:45:07,252 epoch 31 - iter 198/220 - loss 4.13471952 - samples/sec: 312.03 - lr: 0.050000
2021-08-10 20:45:09,396 epoch 31 - iter 220/220 - loss 4.12905244 - samples/sec: 328.82 - lr: 0.050000
2021-08-10 20:45:09,398 ----------------------------------------------------------------------------------------------------
2021-08-10 20:45:09,399 EPOCH 31 done: loss 4.1291 - lr 0.0500000
2021-08-10 20:45:10,661 DEV : loss 3.3953638076782227 - score 0.7082
2021-08-10 20:45:10,700 BAD EPOCHS (no improvement): 4
2021-08-10 20:45:10,702 ----------------------------------------------------------------------------------------------------
2021-08-10 20:45:12,904 epoch 32 - iter 22/220 - loss 4.21211028 - samples/sec: 320.26 - lr: 0.025000
2021-08-10 20:45:15,190 epoch 32 - iter 44/220 - loss 3.95467820 - samples/sec: 308.34 - lr: 0.025000
2021-08-10 20:45:17,489 epoch 32 - iter 66/220 - loss 4.10723811 - samples/sec: 306.48 - lr: 0.025000
2021-08-10 20:45:19,640 epoch 32 - iter 88/220 - loss 4.03287287 - samples/sec: 327.69 - lr: 0.025000
2021-08-10 20:45:21,945 epoch 32 - iter 110/220 - loss 4.05317037 - samples/sec: 305.80 - lr: 0.025000
2021-08-10 20:45:24,079 epoch 32 - iter 132/220 - loss 4.06018153 - samples/sec: 330.33 - lr: 0.025000
2021-08-10 20:45:26,336 epoch 32 - iter 154/220 - loss 4.08219124 - samples/sec: 312.27 - lr: 0.025000
2021-08-10 20:45:28,442 epoch 32 - iter 176/220 - loss 4.06723817 - samples/sec: 334.80 - lr: 0.025000
2021-08-10 20:45:30,619 epoch 32 - iter 198/220 - loss 4.05268818 - samples/sec: 323.85 - lr: 0.025000
2021-08-10 20:45:32,747 epoch 32 - iter 220/220 - loss 4.03787758 - samples/sec: 331.22 - lr: 0.025000
2021-08-10 20:45:32,748 ----------------------------------------------------------------------------------------------------
2021-08-10 20:45:32,749 EPOCH 32 done: loss 4.0379 - lr 0.0250000
2021-08-10 20:45:33,993 DEV : loss 3.4269495010375977 - score 0.7088
2021-08-10 20:45:34,032 BAD EPOCHS (no improvement): 1
2021-08-10 20:45:34,034 ----------------------------------------------------------------------------------------------------
2021-08-10 20:45:36,224 epoch 33 - iter 22/220 - loss 4.20949492 - samples/sec: 321.95 - lr: 0.025000
2021-08-10 20:45:38,415 epoch 33 - iter 44/220 - loss 4.11136073 - samples/sec: 321.77 - lr: 0.025000
2021-08-10 20:45:40,578 epoch 33 - iter 66/220 - loss 4.03831907 - samples/sec: 325.86 - lr: 0.025000
2021-08-10 20:45:42,879 epoch 33 - iter 88/220 - loss 4.07131968 - samples/sec: 306.40 - lr: 0.025000
2021-08-10 20:45:45,174 epoch 33 - iter 110/220 - loss 4.04810022 - samples/sec: 307.10 - lr: 0.025000
2021-08-10 20:45:47,358 epoch 33 - iter 132/220 - loss 4.05535975 - samples/sec: 322.82 - lr: 0.025000
2021-08-10 20:45:49,461 epoch 33 - iter 154/220 - loss 4.06366082 - samples/sec: 335.18 - lr: 0.025000
2021-08-10 20:45:51,603 epoch 33 - iter 176/220 - loss 4.03508785 - samples/sec: 329.00 - lr: 0.025000
2021-08-10 20:45:53,758 epoch 33 - iter 198/220 - loss 4.02778866 - samples/sec: 327.15 - lr: 0.025000
2021-08-10 20:45:55,934 epoch 33 - iter 220/220 - loss 4.01601533 - samples/sec: 323.86 - lr: 0.025000
2021-08-10 20:45:55,936 ----------------------------------------------------------------------------------------------------
2021-08-10 20:45:55,937 EPOCH 33 done: loss 4.0160 - lr 0.0250000
2021-08-10 20:45:57,202 DEV : loss 3.4015071392059326 - score 0.7155
2021-08-10 20:45:57,239 BAD EPOCHS (no improvement): 0
2021-08-10 20:45:59,615 ----------------------------------------------------------------------------------------------------
2021-08-10 20:46:01,791 epoch 34 - iter 22/220 - loss 4.00096351 - samples/sec: 324.13 - lr: 0.025000
2021-08-10 20:46:04,002 epoch 34 - iter 44/220 - loss 4.06128765 - samples/sec: 318.77 - lr: 0.025000
2021-08-10 20:46:06,234 epoch 34 - iter 66/220 - loss 4.09947127 - samples/sec: 315.82 - lr: 0.025000
2021-08-10 20:46:08,478 epoch 34 - iter 88/220 - loss 4.08963602 - samples/sec: 314.26 - lr: 0.025000
2021-08-10 20:46:10,691 epoch 34 - iter 110/220 - loss 4.09911879 - samples/sec: 318.51 - lr: 0.025000
2021-08-10 20:46:12,924 epoch 34 - iter 132/220 - loss 4.06675567 - samples/sec: 315.59 - lr: 0.025000
2021-08-10 20:46:15,210 epoch 34 - iter 154/220 - loss 4.00507596 - samples/sec: 308.40 - lr: 0.025000
2021-08-10 20:46:17,298 epoch 34 - iter 176/220 - loss 3.98685313 - samples/sec: 337.66 - lr: 0.025000
2021-08-10 20:46:19,437 epoch 34 - iter 198/220 - loss 3.97536888 - samples/sec: 329.47 - lr: 0.025000
2021-08-10 20:46:21,627 epoch 34 - iter 220/220 - loss 3.97432437 - samples/sec: 321.82 - lr: 0.025000
2021-08-10 20:46:21,628 ----------------------------------------------------------------------------------------------------
2021-08-10 20:46:21,629 EPOCH 34 done: loss 3.9743 - lr 0.0250000
2021-08-10 20:46:22,911 DEV : loss 3.366137981414795 - score 0.7051
2021-08-10 20:46:22,948 BAD EPOCHS (no improvement): 1
2021-08-10 20:46:22,950 ----------------------------------------------------------------------------------------------------
2021-08-10 20:46:25,191 epoch 35 - iter 22/220 - loss 4.16876580 - samples/sec: 314.58 - lr: 0.025000
2021-08-10 20:46:27,399 epoch 35 - iter 44/220 - loss 4.07508449 - samples/sec: 319.25 - lr: 0.025000
2021-08-10 20:46:29,559 epoch 35 - iter 66/220 - loss 3.92121122 - samples/sec: 326.28 - lr: 0.025000
2021-08-10 20:46:31,659 epoch 35 - iter 88/220 - loss 3.96507236 - samples/sec: 335.61 - lr: 0.025000
2021-08-10 20:46:33,847 epoch 35 - iter 110/220 - loss 3.94873604 - samples/sec: 322.24 - lr: 0.025000
2021-08-10 20:46:35,962 epoch 35 - iter 132/220 - loss 3.97238385 - samples/sec: 333.22 - lr: 0.025000
2021-08-10 20:46:38,137 epoch 35 - iter 154/220 - loss 3.97133741 - samples/sec: 324.14 - lr: 0.025000
2021-08-10 20:46:40,272 epoch 35 - iter 176/220 - loss 3.97055154 - samples/sec: 330.09 - lr: 0.025000
2021-08-10 20:46:42,583 epoch 35 - iter 198/220 - loss 3.98999470 - samples/sec: 305.09 - lr: 0.025000
2021-08-10 20:46:44,868 epoch 35 - iter 220/220 - loss 3.98436192 - samples/sec: 308.40 - lr: 0.025000
2021-08-10 20:46:44,869 ----------------------------------------------------------------------------------------------------
2021-08-10 20:46:44,871 EPOCH 35 done: loss 3.9844 - lr 0.0250000
2021-08-10 20:46:46,950 DEV : loss 3.335923194885254 - score 0.7117
2021-08-10 20:46:46,987 BAD EPOCHS (no improvement): 2
2021-08-10 20:46:46,989 ----------------------------------------------------------------------------------------------------
2021-08-10 20:46:49,248 epoch 36 - iter 22/220 - loss 3.88346231 - samples/sec: 312.20 - lr: 0.025000
2021-08-10 20:46:51,510 epoch 36 - iter 44/220 - loss 3.91634928 - samples/sec: 311.49 - lr: 0.025000
2021-08-10 20:46:53,674 epoch 36 - iter 66/220 - loss 3.97478463 - samples/sec: 325.71 - lr: 0.025000
2021-08-10 20:46:55,839 epoch 36 - iter 88/220 - loss 3.95987324 - samples/sec: 325.67 - lr: 0.025000
2021-08-10 20:46:58,032 epoch 36 - iter 110/220 - loss 3.97753455 - samples/sec: 321.33 - lr: 0.025000
2021-08-10 20:47:00,212 epoch 36 - iter 132/220 - loss 3.99929525 - samples/sec: 323.37 - lr: 0.025000
2021-08-10 20:47:02,428 epoch 36 - iter 154/220 - loss 3.97775133 - samples/sec: 317.97 - lr: 0.025000
2021-08-10 20:47:04,697 epoch 36 - iter 176/220 - loss 3.96919025 - samples/sec: 310.73 - lr: 0.025000
2021-08-10 20:47:06,872 epoch 36 - iter 198/220 - loss 3.96220181 - samples/sec: 324.06 - lr: 0.025000
2021-08-10 20:47:09,008 epoch 36 - iter 220/220 - loss 3.97649124 - samples/sec: 330.00 - lr: 0.025000
2021-08-10 20:47:09,009 ----------------------------------------------------------------------------------------------------
2021-08-10 20:47:09,011 EPOCH 36 done: loss 3.9765 - lr 0.0250000
2021-08-10 20:47:10,267 DEV : loss 3.3983073234558105 - score 0.7054
2021-08-10 20:47:10,306 BAD EPOCHS (no improvement): 3
2021-08-10 20:47:10,308 ----------------------------------------------------------------------------------------------------
2021-08-10 20:47:12,495 epoch 37 - iter 22/220 - loss 3.73746590 - samples/sec: 322.40 - lr: 0.025000
2021-08-10 20:47:14,723 epoch 37 - iter 44/220 - loss 3.82918426 - samples/sec: 316.43 - lr: 0.025000
2021-08-10 20:47:16,850 epoch 37 - iter 66/220 - loss 3.77323715 - samples/sec: 331.36 - lr: 0.025000
2021-08-10 20:47:19,111 epoch 37 - iter 88/220 - loss 3.75280605 - samples/sec: 311.69 - lr: 0.025000
2021-08-10 20:47:21,323 epoch 37 - iter 110/220 - loss 3.80794341 - samples/sec: 318.69 - lr: 0.025000
2021-08-10 20:47:23,462 epoch 37 - iter 132/220 - loss 3.86244474 - samples/sec: 329.42 - lr: 0.025000
2021-08-10 20:47:25,663 epoch 37 - iter 154/220 - loss 3.87023060 - samples/sec: 320.29 - lr: 0.025000
2021-08-10 20:47:27,938 epoch 37 - iter 176/220 - loss 3.89311906 - samples/sec: 309.83 - lr: 0.025000
2021-08-10 20:47:30,146 epoch 37 - iter 198/220 - loss 3.88925159 - samples/sec: 319.25 - lr: 0.025000
2021-08-10 20:47:32,376 epoch 37 - iter 220/220 - loss 3.92507795 - samples/sec: 316.15 - lr: 0.025000
2021-08-10 20:47:32,377 ----------------------------------------------------------------------------------------------------
2021-08-10 20:47:32,378 EPOCH 37 done: loss 3.9251 - lr 0.0250000
2021-08-10 20:47:33,668 DEV : loss 3.3886404037475586 - score 0.7055
2021-08-10 20:47:33,707 BAD EPOCHS (no improvement): 4
2021-08-10 20:47:33,708 ----------------------------------------------------------------------------------------------------
2021-08-10 20:47:35,938 epoch 38 - iter 22/220 - loss 3.90130429 - samples/sec: 316.34 - lr: 0.012500
2021-08-10 20:47:38,125 epoch 38 - iter 44/220 - loss 4.01487245 - samples/sec: 322.22 - lr: 0.012500
2021-08-10 20:47:40,321 epoch 38 - iter 66/220 - loss 3.92935446 - samples/sec: 320.97 - lr: 0.012500
2021-08-10 20:47:42,505 epoch 38 - iter 88/220 - loss 3.90740130 - samples/sec: 322.82 - lr: 0.012500
2021-08-10 20:47:44,656 epoch 38 - iter 110/220 - loss 3.89373970 - samples/sec: 327.74 - lr: 0.012500
2021-08-10 20:47:46,867 epoch 38 - iter 132/220 - loss 3.89145132 - samples/sec: 318.76 - lr: 0.012500
2021-08-10 20:47:49,145 epoch 38 - iter 154/220 - loss 3.92957361 - samples/sec: 309.40 - lr: 0.012500
2021-08-10 20:47:51,364 epoch 38 - iter 176/220 - loss 3.93775232 - samples/sec: 317.68 - lr: 0.012500
2021-08-10 20:47:53,569 epoch 38 - iter 198/220 - loss 3.94781111 - samples/sec: 319.64 - lr: 0.012500
2021-08-10 20:47:55,692 epoch 38 - iter 220/220 - loss 3.95098671 - samples/sec: 332.13 - lr: 0.012500
2021-08-10 20:47:55,693 ----------------------------------------------------------------------------------------------------
2021-08-10 20:47:55,695 EPOCH 38 done: loss 3.9510 - lr 0.0125000
2021-08-10 20:47:56,964 DEV : loss 3.3519036769866943 - score 0.7101
2021-08-10 20:47:57,002 BAD EPOCHS (no improvement): 1
2021-08-10 20:47:57,004 ----------------------------------------------------------------------------------------------------
2021-08-10 20:47:59,229 epoch 39 - iter 22/220 - loss 3.88237005 - samples/sec: 317.02 - lr: 0.012500
2021-08-10 20:48:01,416 epoch 39 - iter 44/220 - loss 3.79905466 - samples/sec: 322.25 - lr: 0.012500
2021-08-10 20:48:03,578 epoch 39 - iter 66/220 - loss 3.79223411 - samples/sec: 326.06 - lr: 0.012500
2021-08-10 20:48:05,716 epoch 39 - iter 88/220 - loss 3.88231070 - samples/sec: 329.60 - lr: 0.012500
2021-08-10 20:48:07,922 epoch 39 - iter 110/220 - loss 3.92037109 - samples/sec: 319.56 - lr: 0.012500
2021-08-10 20:48:10,057 epoch 39 - iter 132/220 - loss 3.87371559 - samples/sec: 330.11 - lr: 0.012500
2021-08-10 20:48:12,299 epoch 39 - iter 154/220 - loss 3.85381517 - samples/sec: 314.39 - lr: 0.012500
2021-08-10 20:48:14,514 epoch 39 - iter 176/220 - loss 3.88757705 - samples/sec: 318.19 - lr: 0.012500
2021-08-10 20:48:16,797 epoch 39 - iter 198/220 - loss 3.88168978 - samples/sec: 308.76 - lr: 0.012500
2021-08-10 20:48:19,114 epoch 39 - iter 220/220 - loss 3.89030073 - samples/sec: 304.21 - lr: 0.012500
2021-08-10 20:48:19,116 ----------------------------------------------------------------------------------------------------
2021-08-10 20:48:19,117 EPOCH 39 done: loss 3.8903 - lr 0.0125000
2021-08-10 20:48:20,439 DEV : loss 3.3473570346832275 - score 0.7087
2021-08-10 20:48:20,476 BAD EPOCHS (no improvement): 2
2021-08-10 20:48:20,477 ----------------------------------------------------------------------------------------------------
2021-08-10 20:48:22,696 epoch 40 - iter 22/220 - loss 3.78108000 - samples/sec: 317.88 - lr: 0.012500
2021-08-10 20:48:24,910 epoch 40 - iter 44/220 - loss 3.86036456 - samples/sec: 318.48 - lr: 0.012500
2021-08-10 20:48:27,226 epoch 40 - iter 66/220 - loss 3.99842433 - samples/sec: 304.25 - lr: 0.012500
2021-08-10 20:48:29,417 epoch 40 - iter 88/220 - loss 3.95411177 - samples/sec: 321.82 - lr: 0.012500
2021-08-10 20:48:31,561 epoch 40 - iter 110/220 - loss 3.91276801 - samples/sec: 328.71 - lr: 0.012500
2021-08-10 20:48:33,763 epoch 40 - iter 132/220 - loss 3.91452493 - samples/sec: 320.15 - lr: 0.012500
2021-08-10 20:48:35,857 epoch 40 - iter 154/220 - loss 3.88681270 - samples/sec: 336.60 - lr: 0.012500
2021-08-10 20:48:38,085 epoch 40 - iter 176/220 - loss 3.90099369 - samples/sec: 316.43 - lr: 0.012500
2021-08-10 20:48:40,305 epoch 40 - iter 198/220 - loss 3.89710170 - samples/sec: 317.44 - lr: 0.012500
2021-08-10 20:48:42,541 epoch 40 - iter 220/220 - loss 3.90163268 - samples/sec: 315.18 - lr: 0.012500
2021-08-10 20:48:42,542 ----------------------------------------------------------------------------------------------------
2021-08-10 20:48:42,545 EPOCH 40 done: loss 3.9016 - lr 0.0125000
2021-08-10 20:48:43,803 DEV : loss 3.3135433197021484 - score 0.7063
2021-08-10 20:48:43,840 BAD EPOCHS (no improvement): 3
2021-08-10 20:48:43,841 ----------------------------------------------------------------------------------------------------
2021-08-10 20:48:46,035 epoch 41 - iter 22/220 - loss 3.97135416 - samples/sec: 321.60 - lr: 0.012500
2021-08-10 20:48:48,159 epoch 41 - iter 44/220 - loss 3.95955882 - samples/sec: 331.82 - lr: 0.012500
2021-08-10 20:48:50,359 epoch 41 - iter 66/220 - loss 3.95922532 - samples/sec: 320.48 - lr: 0.012500
2021-08-10 20:48:52,496 epoch 41 - iter 88/220 - loss 3.99346555 - samples/sec: 329.76 - lr: 0.012500
2021-08-10 20:48:54,758 epoch 41 - iter 110/220 - loss 3.94487889 - samples/sec: 311.59 - lr: 0.012500
2021-08-10 20:48:56,998 epoch 41 - iter 132/220 - loss 3.95078897 - samples/sec: 314.74 - lr: 0.012500
2021-08-10 20:48:59,202 epoch 41 - iter 154/220 - loss 3.91062965 - samples/sec: 319.72 - lr: 0.012500
2021-08-10 20:49:01,430 epoch 41 - iter 176/220 - loss 3.89757863 - samples/sec: 316.40 - lr: 0.012500
2021-08-10 20:49:03,579 epoch 41 - iter 198/220 - loss 3.90320616 - samples/sec: 327.97 - lr: 0.012500
2021-08-10 20:49:05,847 epoch 41 - iter 220/220 - loss 3.89122884 - samples/sec: 310.89 - lr: 0.012500
2021-08-10 20:49:05,848 ----------------------------------------------------------------------------------------------------
2021-08-10 20:49:05,849 EPOCH 41 done: loss 3.8912 - lr 0.0125000
2021-08-10 20:49:07,119 DEV : loss 3.3447988033294678 - score 0.7058
2021-08-10 20:49:07,159 BAD EPOCHS (no improvement): 4
2021-08-10 20:49:07,161 ----------------------------------------------------------------------------------------------------
2021-08-10 20:49:09,466 epoch 42 - iter 22/220 - loss 3.86821373 - samples/sec: 305.93 - lr: 0.006250
2021-08-10 20:49:11,644 epoch 42 - iter 44/220 - loss 3.85600742 - samples/sec: 323.64 - lr: 0.006250
2021-08-10 20:49:13,874 epoch 42 - iter 66/220 - loss 3.77728515 - samples/sec: 316.21 - lr: 0.006250
2021-08-10 20:49:16,041 epoch 42 - iter 88/220 - loss 3.80981824 - samples/sec: 325.14 - lr: 0.006250
2021-08-10 20:49:18,318 epoch 42 - iter 110/220 - loss 3.87477531 - samples/sec: 309.54 - lr: 0.006250
2021-08-10 20:49:20,522 epoch 42 - iter 132/220 - loss 3.82236666 - samples/sec: 319.87 - lr: 0.006250
2021-08-10 20:49:22,631 epoch 42 - iter 154/220 - loss 3.82623692 - samples/sec: 334.23 - lr: 0.006250
2021-08-10 20:49:24,875 epoch 42 - iter 176/220 - loss 3.83125017 - samples/sec: 314.12 - lr: 0.006250
2021-08-10 20:49:27,166 epoch 42 - iter 198/220 - loss 3.85788678 - samples/sec: 307.53 - lr: 0.006250
2021-08-10 20:49:29,397 epoch 42 - iter 220/220 - loss 3.84896252 - samples/sec: 315.99 - lr: 0.006250
2021-08-10 20:49:29,398 ----------------------------------------------------------------------------------------------------
2021-08-10 20:49:29,399 EPOCH 42 done: loss 3.8490 - lr 0.0062500
2021-08-10 20:49:30,690 DEV : loss 3.3290343284606934 - score 0.7129
2021-08-10 20:49:30,728 BAD EPOCHS (no improvement): 1
2021-08-10 20:49:30,730 ----------------------------------------------------------------------------------------------------
2021-08-10 20:49:33,035 epoch 43 - iter 22/220 - loss 4.12135119 - samples/sec: 305.77 - lr: 0.006250
2021-08-10 20:49:35,145 epoch 43 - iter 44/220 - loss 4.02070137 - samples/sec: 334.11 - lr: 0.006250
2021-08-10 20:49:37,295 epoch 43 - iter 66/220 - loss 3.95803336 - samples/sec: 327.81 - lr: 0.006250
2021-08-10 20:49:39,456 epoch 43 - iter 88/220 - loss 3.92799099 - samples/sec: 326.31 - lr: 0.006250
2021-08-10 20:49:41,610 epoch 43 - iter 110/220 - loss 3.88627196 - samples/sec: 327.19 - lr: 0.006250
2021-08-10 20:49:43,823 epoch 43 - iter 132/220 - loss 3.85835268 - samples/sec: 318.56 - lr: 0.006250
2021-08-10 20:49:46,029 epoch 43 - iter 154/220 - loss 3.86762541 - samples/sec: 319.52 - lr: 0.006250
2021-08-10 20:49:48,230 epoch 43 - iter 176/220 - loss 3.86398623 - samples/sec: 320.17 - lr: 0.006250
2021-08-10 20:49:50,401 epoch 43 - iter 198/220 - loss 3.86412736 - samples/sec: 324.59 - lr: 0.006250
2021-08-10 20:49:52,569 epoch 43 - iter 220/220 - loss 3.85000267 - samples/sec: 325.19 - lr: 0.006250
2021-08-10 20:49:52,570 ----------------------------------------------------------------------------------------------------
2021-08-10 20:49:52,571 EPOCH 43 done: loss 3.8500 - lr 0.0062500
2021-08-10 20:49:53,836 DEV : loss 3.330641984939575 - score 0.7105
2021-08-10 20:49:53,875 BAD EPOCHS (no improvement): 2
2021-08-10 20:49:53,877 ----------------------------------------------------------------------------------------------------
2021-08-10 20:49:56,056 epoch 44 - iter 22/220 - loss 4.04066465 - samples/sec: 323.59 - lr: 0.006250
2021-08-10 20:49:58,157 epoch 44 - iter 44/220 - loss 3.97403949 - samples/sec: 335.47 - lr: 0.006250
2021-08-10 20:50:00,415 epoch 44 - iter 66/220 - loss 3.90222739 - samples/sec: 312.25 - lr: 0.006250
2021-08-10 20:50:02,549 epoch 44 - iter 88/220 - loss 3.86985108 - samples/sec: 330.22 - lr: 0.006250
2021-08-10 20:50:04,627 epoch 44 - iter 110/220 - loss 3.86951849 - samples/sec: 339.22 - lr: 0.006250
2021-08-10 20:50:06,869 epoch 44 - iter 132/220 - loss 3.83643350 - samples/sec: 314.43 - lr: 0.006250
2021-08-10 20:50:09,075 epoch 44 - iter 154/220 - loss 3.85039534 - samples/sec: 319.47 - lr: 0.006250
2021-08-10 20:50:11,328 epoch 44 - iter 176/220 - loss 3.84034915 - samples/sec: 312.80 - lr: 0.006250
2021-08-10 20:50:13,569 epoch 44 - iter 198/220 - loss 3.85104397 - samples/sec: 314.63 - lr: 0.006250
2021-08-10 20:50:15,877 epoch 44 - iter 220/220 - loss 3.83420959 - samples/sec: 305.37 - lr: 0.006250
2021-08-10 20:50:15,878 ----------------------------------------------------------------------------------------------------
2021-08-10 20:50:15,879 EPOCH 44 done: loss 3.8342 - lr 0.0062500
2021-08-10 20:50:17,176 DEV : loss 3.321019172668457 - score 0.7086
2021-08-10 20:50:17,212 BAD EPOCHS (no improvement): 3
2021-08-10 20:50:17,215 ----------------------------------------------------------------------------------------------------
2021-08-10 20:50:19,394 epoch 45 - iter 22/220 - loss 3.83908665 - samples/sec: 323.88 - lr: 0.006250
2021-08-10 20:50:21,609 epoch 45 - iter 44/220 - loss 3.84001434 - samples/sec: 318.20 - lr: 0.006250
2021-08-10 20:50:23,762 epoch 45 - iter 66/220 - loss 3.90071098 - samples/sec: 327.41 - lr: 0.006250
2021-08-10 20:50:25,980 epoch 45 - iter 88/220 - loss 3.87077345 - samples/sec: 317.75 - lr: 0.006250
2021-08-10 20:50:28,249 epoch 45 - iter 110/220 - loss 3.92369427 - samples/sec: 310.56 - lr: 0.006250
2021-08-10 20:50:30,395 epoch 45 - iter 132/220 - loss 3.87968343 - samples/sec: 328.50 - lr: 0.006250
2021-08-10 20:50:32,752 epoch 45 - iter 154/220 - loss 3.87860912 - samples/sec: 299.08 - lr: 0.006250
2021-08-10 20:50:34,936 epoch 45 - iter 176/220 - loss 3.87495530 - samples/sec: 322.73 - lr: 0.006250
2021-08-10 20:50:37,168 epoch 45 - iter 198/220 - loss 3.87800770 - samples/sec: 315.75 - lr: 0.006250
2021-08-10 20:50:39,379 epoch 45 - iter 220/220 - loss 3.85237622 - samples/sec: 318.77 - lr: 0.006250
2021-08-10 20:50:39,381 ----------------------------------------------------------------------------------------------------
2021-08-10 20:50:39,382 EPOCH 45 done: loss 3.8524 - lr 0.0062500
2021-08-10 20:50:40,649 DEV : loss 3.3188891410827637 - score 0.7122
2021-08-10 20:50:40,687 BAD EPOCHS (no improvement): 4
2021-08-10 20:50:40,688 ----------------------------------------------------------------------------------------------------
2021-08-10 20:50:42,898 epoch 46 - iter 22/220 - loss 3.71377073 - samples/sec: 319.18 - lr: 0.003125
2021-08-10 20:50:45,032 epoch 46 - iter 44/220 - loss 3.79721526 - samples/sec: 330.19 - lr: 0.003125
2021-08-10 20:50:47,159 epoch 46 - iter 66/220 - loss 3.71703145 - samples/sec: 331.40 - lr: 0.003125
2021-08-10 20:50:49,383 epoch 46 - iter 88/220 - loss 3.77193855 - samples/sec: 316.92 - lr: 0.003125
2021-08-10 20:50:51,576 epoch 46 - iter 110/220 - loss 3.76864737 - samples/sec: 321.35 - lr: 0.003125
2021-08-10 20:50:53,870 epoch 46 - iter 132/220 - loss 3.77971607 - samples/sec: 307.29 - lr: 0.003125
2021-08-10 20:50:56,136 epoch 46 - iter 154/220 - loss 3.80590556 - samples/sec: 311.06 - lr: 0.003125
2021-08-10 20:50:58,361 epoch 46 - iter 176/220 - loss 3.83361092 - samples/sec: 316.71 - lr: 0.003125
2021-08-10 20:51:00,513 epoch 46 - iter 198/220 - loss 3.83931205 - samples/sec: 327.68 - lr: 0.003125
2021-08-10 20:51:02,676 epoch 46 - iter 220/220 - loss 3.81852342 - samples/sec: 325.90 - lr: 0.003125
2021-08-10 20:51:02,678 ----------------------------------------------------------------------------------------------------
2021-08-10 20:51:02,679 EPOCH 46 done: loss 3.8185 - lr 0.0031250
2021-08-10 20:51:03,933 DEV : loss 3.305068016052246 - score 0.7108
2021-08-10 20:51:03,971 BAD EPOCHS (no improvement): 1
2021-08-10 20:51:03,974 ----------------------------------------------------------------------------------------------------
2021-08-10 20:51:06,285 epoch 47 - iter 22/220 - loss 3.71043002 - samples/sec: 305.06 - lr: 0.003125
2021-08-10 20:51:08,561 epoch 47 - iter 44/220 - loss 3.80405326 - samples/sec: 309.69 - lr: 0.003125
2021-08-10 20:51:10,743 epoch 47 - iter 66/220 - loss 3.74131689 - samples/sec: 323.07 - lr: 0.003125
2021-08-10 20:51:12,939 epoch 47 - iter 88/220 - loss 3.76460240 - samples/sec: 321.10 - lr: 0.003125
2021-08-10 20:51:15,095 epoch 47 - iter 110/220 - loss 3.77958931 - samples/sec: 326.86 - lr: 0.003125
2021-08-10 20:51:17,232 epoch 47 - iter 132/220 - loss 3.77739041 - samples/sec: 329.87 - lr: 0.003125
2021-08-10 20:51:19,441 epoch 47 - iter 154/220 - loss 3.75031266 - samples/sec: 319.04 - lr: 0.003125
2021-08-10 20:51:21,648 epoch 47 - iter 176/220 - loss 3.79048653 - samples/sec: 319.45 - lr: 0.003125
2021-08-10 20:51:23,888 epoch 47 - iter 198/220 - loss 3.79398201 - samples/sec: 314.64 - lr: 0.003125
2021-08-10 20:51:26,062 epoch 47 - iter 220/220 - loss 3.80549431 - samples/sec: 324.36 - lr: 0.003125
2021-08-10 20:51:26,063 ----------------------------------------------------------------------------------------------------
2021-08-10 20:51:26,064 EPOCH 47 done: loss 3.8055 - lr 0.0031250
2021-08-10 20:51:27,327 DEV : loss 3.3102598190307617 - score 0.7108
2021-08-10 20:51:27,363 BAD EPOCHS (no improvement): 2
2021-08-10 20:51:27,364 ----------------------------------------------------------------------------------------------------
2021-08-10 20:51:29,562 epoch 48 - iter 22/220 - loss 3.89027078 - samples/sec: 321.01 - lr: 0.003125
2021-08-10 20:51:31,688 epoch 48 - iter 44/220 - loss 3.81555424 - samples/sec: 331.57 - lr: 0.003125
2021-08-10 20:51:33,925 epoch 48 - iter 66/220 - loss 3.86772687 - samples/sec: 315.08 - lr: 0.003125
2021-08-10 20:51:36,161 epoch 48 - iter 88/220 - loss 3.80492976 - samples/sec: 315.10 - lr: 0.003125
2021-08-10 20:51:38,477 epoch 48 - iter 110/220 - loss 3.77948790 - samples/sec: 304.32 - lr: 0.003125
2021-08-10 20:51:40,674 epoch 48 - iter 132/220 - loss 3.77064949 - samples/sec: 321.00 - lr: 0.003125
2021-08-10 20:51:42,759 epoch 48 - iter 154/220 - loss 3.76355141 - samples/sec: 337.96 - lr: 0.003125
2021-08-10 20:51:44,939 epoch 48 - iter 176/220 - loss 3.76389422 - samples/sec: 323.32 - lr: 0.003125
2021-08-10 20:51:47,153 epoch 48 - iter 198/220 - loss 3.77332941 - samples/sec: 318.33 - lr: 0.003125
2021-08-10 20:51:49,320 epoch 48 - iter 220/220 - loss 3.80634750 - samples/sec: 325.36 - lr: 0.003125
2021-08-10 20:51:49,322 ----------------------------------------------------------------------------------------------------
2021-08-10 20:51:49,324 EPOCH 48 done: loss 3.8063 - lr 0.0031250
2021-08-10 20:51:51,392 DEV : loss 3.318877696990967 - score 0.7106
2021-08-10 20:51:51,429 BAD EPOCHS (no improvement): 3
2021-08-10 20:51:51,431 ----------------------------------------------------------------------------------------------------
2021-08-10 20:51:53,713 epoch 49 - iter 22/220 - loss 3.68535689 - samples/sec: 309.09 - lr: 0.003125
2021-08-10 20:51:55,873 epoch 49 - iter 44/220 - loss 3.74950623 - samples/sec: 326.24 - lr: 0.003125
2021-08-10 20:51:57,997 epoch 49 - iter 66/220 - loss 3.85545774 - samples/sec: 331.83 - lr: 0.003125
2021-08-10 20:52:00,215 epoch 49 - iter 88/220 - loss 3.87214056 - samples/sec: 317.84 - lr: 0.003125
2021-08-10 20:52:02,417 epoch 49 - iter 110/220 - loss 3.88020227 - samples/sec: 320.05 - lr: 0.003125
2021-08-10 20:52:04,705 epoch 49 - iter 132/220 - loss 3.86217177 - samples/sec: 308.03 - lr: 0.003125
2021-08-10 20:52:06,947 epoch 49 - iter 154/220 - loss 3.85340625 - samples/sec: 314.34 - lr: 0.003125
2021-08-10 20:52:09,106 epoch 49 - iter 176/220 - loss 3.86525104 - samples/sec: 326.38 - lr: 0.003125
2021-08-10 20:52:11,385 epoch 49 - iter 198/220 - loss 3.85301437 - samples/sec: 309.32 - lr: 0.003125
2021-08-10 20:52:13,537 epoch 49 - iter 220/220 - loss 3.81477879 - samples/sec: 327.47 - lr: 0.003125
2021-08-10 20:52:13,539 ----------------------------------------------------------------------------------------------------
2021-08-10 20:52:13,540 EPOCH 49 done: loss 3.8148 - lr 0.0031250
2021-08-10 20:52:14,816 DEV : loss 3.312084913253784 - score 0.7095
2021-08-10 20:52:14,855 BAD EPOCHS (no improvement): 4
2021-08-10 20:52:14,856 ----------------------------------------------------------------------------------------------------
2021-08-10 20:52:17,058 epoch 50 - iter 22/220 - loss 3.76574021 - samples/sec: 320.18 - lr: 0.001563
2021-08-10 20:52:19,225 epoch 50 - iter 44/220 - loss 3.81921549 - samples/sec: 325.23 - lr: 0.001563
2021-08-10 20:52:21,409 epoch 50 - iter 66/220 - loss 3.78746882 - samples/sec: 322.76 - lr: 0.001563
2021-08-10 20:52:23,696 epoch 50 - iter 88/220 - loss 3.77765406 - samples/sec: 308.17 - lr: 0.001563
2021-08-10 20:52:25,928 epoch 50 - iter 110/220 - loss 3.76242953 - samples/sec: 315.74 - lr: 0.001563
2021-08-10 20:52:28,179 epoch 50 - iter 132/220 - loss 3.77081045 - samples/sec: 313.16 - lr: 0.001563
2021-08-10 20:52:30,351 epoch 50 - iter 154/220 - loss 3.77634241 - samples/sec: 324.46 - lr: 0.001563
2021-08-10 20:52:32,619 epoch 50 - iter 176/220 - loss 3.80016373 - samples/sec: 310.73 - lr: 0.001563
2021-08-10 20:52:34,738 epoch 50 - iter 198/220 - loss 3.78459009 - samples/sec: 332.66 - lr: 0.001563
2021-08-10 20:52:36,915 epoch 50 - iter 220/220 - loss 3.80277290 - samples/sec: 323.80 - lr: 0.001563
2021-08-10 20:52:36,916 ----------------------------------------------------------------------------------------------------
2021-08-10 20:52:36,917 EPOCH 50 done: loss 3.8028 - lr 0.0015625
2021-08-10 20:52:38,176 DEV : loss 3.3115923404693604 - score 0.7097
2021-08-10 20:52:38,213 BAD EPOCHS (no improvement): 1
2021-08-10 20:52:38,214 ----------------------------------------------------------------------------------------------------
2021-08-10 20:52:40,486 epoch 51 - iter 22/220 - loss 3.92412148 - samples/sec: 310.57 - lr: 0.001563
2021-08-10 20:52:42,707 epoch 51 - iter 44/220 - loss 3.79311686 - samples/sec: 317.29 - lr: 0.001563
2021-08-10 20:52:44,976 epoch 51 - iter 66/220 - loss 3.68632409 - samples/sec: 310.67 - lr: 0.001563
2021-08-10 20:52:47,272 epoch 51 - iter 88/220 - loss 3.63054011 - samples/sec: 307.10 - lr: 0.001563
2021-08-10 20:52:49,500 epoch 51 - iter 110/220 - loss 3.67232240 - samples/sec: 316.31 - lr: 0.001563
2021-08-10 20:52:51,704 epoch 51 - iter 132/220 - loss 3.72155425 - samples/sec: 319.84 - lr: 0.001563
2021-08-10 20:52:53,842 epoch 51 - iter 154/220 - loss 3.77267184 - samples/sec: 329.65 - lr: 0.001563
2021-08-10 20:52:55,965 epoch 51 - iter 176/220 - loss 3.76014531 - samples/sec: 332.04 - lr: 0.001563
2021-08-10 20:52:58,178 epoch 51 - iter 198/220 - loss 3.75818625 - samples/sec: 318.51 - lr: 0.001563
2021-08-10 20:53:00,410 epoch 51 - iter 220/220 - loss 3.77677248 - samples/sec: 315.72 - lr: 0.001563
2021-08-10 20:53:00,412 ----------------------------------------------------------------------------------------------------
2021-08-10 20:53:00,414 EPOCH 51 done: loss 3.7768 - lr 0.0015625
2021-08-10 20:53:01,677 DEV : loss 3.312028169631958 - score 0.7088
2021-08-10 20:53:01,714 BAD EPOCHS (no improvement): 2
2021-08-10 20:53:01,716 ----------------------------------------------------------------------------------------------------
2021-08-10 20:53:03,924 epoch 52 - iter 22/220 - loss 3.67709358 - samples/sec: 319.36 - lr: 0.001563
2021-08-10 20:53:06,145 epoch 52 - iter 44/220 - loss 3.69361875 - samples/sec: 317.47 - lr: 0.001563
2021-08-10 20:53:08,338 epoch 52 - iter 66/220 - loss 3.74932916 - samples/sec: 321.35 - lr: 0.001563
2021-08-10 20:53:10,557 epoch 52 - iter 88/220 - loss 3.77998427 - samples/sec: 317.71 - lr: 0.001563
2021-08-10 20:53:12,695 epoch 52 - iter 110/220 - loss 3.81363997 - samples/sec: 329.62 - lr: 0.001563
2021-08-10 20:53:14,883 epoch 52 - iter 132/220 - loss 3.84993362 - samples/sec: 322.20 - lr: 0.001563
2021-08-10 20:53:17,137 epoch 52 - iter 154/220 - loss 3.82584506 - samples/sec: 312.77 - lr: 0.001563
2021-08-10 20:53:19,320 epoch 52 - iter 176/220 - loss 3.80463957 - samples/sec: 322.89 - lr: 0.001563
2021-08-10 20:53:21,613 epoch 52 - iter 198/220 - loss 3.79750122 - samples/sec: 307.37 - lr: 0.001563
2021-08-10 20:53:23,838 epoch 52 - iter 220/220 - loss 3.80210751 - samples/sec: 316.78 - lr: 0.001563
2021-08-10 20:53:23,839 ----------------------------------------------------------------------------------------------------
2021-08-10 20:53:23,841 EPOCH 52 done: loss 3.8021 - lr 0.0015625
2021-08-10 20:53:25,113 DEV : loss 3.305349349975586 - score 0.7092
2021-08-10 20:53:25,150 BAD EPOCHS (no improvement): 3
2021-08-10 20:53:25,151 ----------------------------------------------------------------------------------------------------
2021-08-10 20:53:27,540 epoch 53 - iter 22/220 - loss 3.51368323 - samples/sec: 295.25 - lr: 0.001563
2021-08-10 20:53:30,023 epoch 53 - iter 44/220 - loss 3.66356698 - samples/sec: 283.93 - lr: 0.001563
2021-08-10 20:53:32,409 epoch 53 - iter 66/220 - loss 3.78208377 - samples/sec: 295.44 - lr: 0.001563
2021-08-10 20:53:34,702 epoch 53 - iter 88/220 - loss 3.68931656 - samples/sec: 307.27 - lr: 0.001563
2021-08-10 20:53:36,961 epoch 53 - iter 110/220 - loss 3.69765208 - samples/sec: 311.97 - lr: 0.001563
2021-08-10 20:53:39,206 epoch 53 - iter 132/220 - loss 3.76147500 - samples/sec: 313.99 - lr: 0.001563
2021-08-10 20:53:41,498 epoch 53 - iter 154/220 - loss 3.74539316 - samples/sec: 307.62 - lr: 0.001563
2021-08-10 20:53:43,724 epoch 53 - iter 176/220 - loss 3.77101327 - samples/sec: 316.69 - lr: 0.001563
2021-08-10 20:53:46,110 epoch 53 - iter 198/220 - loss 3.78671249 - samples/sec: 295.28 - lr: 0.001563
2021-08-10 20:53:48,345 epoch 53 - iter 220/220 - loss 3.78662667 - samples/sec: 315.48 - lr: 0.001563
2021-08-10 20:53:48,346 ----------------------------------------------------------------------------------------------------
2021-08-10 20:53:48,347 EPOCH 53 done: loss 3.7866 - lr 0.0015625
2021-08-10 20:53:49,680 DEV : loss 3.3058133125305176 - score 0.7092
2021-08-10 20:53:49,720 BAD EPOCHS (no improvement): 4
2021-08-10 20:53:49,722 ----------------------------------------------------------------------------------------------------
2021-08-10 20:53:52,096 epoch 54 - iter 22/220 - loss 3.92022829 - samples/sec: 297.09 - lr: 0.000781
2021-08-10 20:53:54,505 epoch 54 - iter 44/220 - loss 3.92925548 - samples/sec: 292.60 - lr: 0.000781
2021-08-10 20:53:57,000 epoch 54 - iter 66/220 - loss 3.93472711 - samples/sec: 282.46 - lr: 0.000781
2021-08-10 20:53:59,449 epoch 54 - iter 88/220 - loss 3.82207576 - samples/sec: 287.81 - lr: 0.000781
2021-08-10 20:54:01,726 epoch 54 - iter 110/220 - loss 3.82765900 - samples/sec: 309.64 - lr: 0.000781
2021-08-10 20:54:03,940 epoch 54 - iter 132/220 - loss 3.82862935 - samples/sec: 318.35 - lr: 0.000781
2021-08-10 20:54:06,069 epoch 54 - iter 154/220 - loss 3.83834729 - samples/sec: 331.03 - lr: 0.000781
2021-08-10 20:54:08,301 epoch 54 - iter 176/220 - loss 3.83123675 - samples/sec: 315.81 - lr: 0.000781
2021-08-10 20:54:10,498 epoch 54 - iter 198/220 - loss 3.81482376 - samples/sec: 320.97 - lr: 0.000781
2021-08-10 20:54:12,732 epoch 54 - iter 220/220 - loss 3.81462940 - samples/sec: 315.43 - lr: 0.000781
2021-08-10 20:54:12,733 ----------------------------------------------------------------------------------------------------
2021-08-10 20:54:12,735 EPOCH 54 done: loss 3.8146 - lr 0.0007813
2021-08-10 20:54:13,993 DEV : loss 3.3085503578186035 - score 0.7098
2021-08-10 20:54:14,030 BAD EPOCHS (no improvement): 1
2021-08-10 20:54:14,032 ----------------------------------------------------------------------------------------------------
2021-08-10 20:54:16,250 epoch 55 - iter 22/220 - loss 3.75684087 - samples/sec: 317.98 - lr: 0.000781
2021-08-10 20:54:18,463 epoch 55 - iter 44/220 - loss 3.72620980 - samples/sec: 318.60 - lr: 0.000781
2021-08-10 20:54:20,736 epoch 55 - iter 66/220 - loss 3.79999798 - samples/sec: 309.96 - lr: 0.000781
2021-08-10 20:54:22,952 epoch 55 - iter 88/220 - loss 3.84516543 - samples/sec: 318.11 - lr: 0.000781
2021-08-10 20:54:25,205 epoch 55 - iter 110/220 - loss 3.87815302 - samples/sec: 312.91 - lr: 0.000781
2021-08-10 20:54:27,547 epoch 55 - iter 132/220 - loss 3.88615525 - samples/sec: 300.94 - lr: 0.000781
2021-08-10 20:54:29,751 epoch 55 - iter 154/220 - loss 3.85604808 - samples/sec: 319.80 - lr: 0.000781
2021-08-10 20:54:31,970 epoch 55 - iter 176/220 - loss 3.83395964 - samples/sec: 317.53 - lr: 0.000781
2021-08-10 20:54:34,136 epoch 55 - iter 198/220 - loss 3.82276049 - samples/sec: 325.42 - lr: 0.000781
2021-08-10 20:54:36,261 epoch 55 - iter 220/220 - loss 3.82380391 - samples/sec: 331.66 - lr: 0.000781
2021-08-10 20:54:36,263 ----------------------------------------------------------------------------------------------------
2021-08-10 20:54:36,264 EPOCH 55 done: loss 3.8238 - lr 0.0007813
2021-08-10 20:54:37,554 DEV : loss 3.306532621383667 - score 0.7083
2021-08-10 20:54:37,592 BAD EPOCHS (no improvement): 2
2021-08-10 20:54:37,594 ----------------------------------------------------------------------------------------------------
2021-08-10 20:54:39,908 epoch 56 - iter 22/220 - loss 3.75431346 - samples/sec: 304.82 - lr: 0.000781
2021-08-10 20:54:42,037 epoch 56 - iter 44/220 - loss 3.98913398 - samples/sec: 331.03 - lr: 0.000781
2021-08-10 20:54:44,247 epoch 56 - iter 66/220 - loss 3.93833257 - samples/sec: 318.98 - lr: 0.000781
2021-08-10 20:54:46,369 epoch 56 - iter 88/220 - loss 3.90332288 - samples/sec: 332.12 - lr: 0.000781
2021-08-10 20:54:48,594 epoch 56 - iter 110/220 - loss 3.87530234 - samples/sec: 316.80 - lr: 0.000781
2021-08-10 20:54:50,915 epoch 56 - iter 132/220 - loss 3.86165185 - samples/sec: 303.65 - lr: 0.000781
2021-08-10 20:54:53,086 epoch 56 - iter 154/220 - loss 3.81808849 - samples/sec: 324.72 - lr: 0.000781
2021-08-10 20:54:55,298 epoch 56 - iter 176/220 - loss 3.79626895 - samples/sec: 318.72 - lr: 0.000781
2021-08-10 20:54:57,496 epoch 56 - iter 198/220 - loss 3.78074741 - samples/sec: 320.61 - lr: 0.000781
2021-08-10 20:54:59,722 epoch 56 - iter 220/220 - loss 3.78469036 - samples/sec: 316.63 - lr: 0.000781
2021-08-10 20:54:59,724 ----------------------------------------------------------------------------------------------------
2021-08-10 20:54:59,725 EPOCH 56 done: loss 3.7847 - lr 0.0007813
2021-08-10 20:55:01,011 DEV : loss 3.305368185043335 - score 0.7086
2021-08-10 20:55:01,049 BAD EPOCHS (no improvement): 3
2021-08-10 20:55:01,051 ----------------------------------------------------------------------------------------------------
2021-08-10 20:55:03,399 epoch 57 - iter 22/220 - loss 4.09494163 - samples/sec: 300.26 - lr: 0.000781
2021-08-10 20:55:05,541 epoch 57 - iter 44/220 - loss 3.92069035 - samples/sec: 329.00 - lr: 0.000781
2021-08-10 20:55:07,768 epoch 57 - iter 66/220 - loss 3.87787319 - samples/sec: 316.54 - lr: 0.000781
2021-08-10 20:55:09,960 epoch 57 - iter 88/220 - loss 3.83808891 - samples/sec: 321.45 - lr: 0.000781
2021-08-10 20:55:12,138 epoch 57 - iter 110/220 - loss 3.80292630 - samples/sec: 323.76 - lr: 0.000781
2021-08-10 20:55:14,268 epoch 57 - iter 132/220 - loss 3.79719343 - samples/sec: 330.86 - lr: 0.000781
2021-08-10 20:55:16,551 epoch 57 - iter 154/220 - loss 3.83099363 - samples/sec: 308.70 - lr: 0.000781
2021-08-10 20:55:18,677 epoch 57 - iter 176/220 - loss 3.80986438 - samples/sec: 331.57 - lr: 0.000781
2021-08-10 20:55:20,868 epoch 57 - iter 198/220 - loss 3.81718043 - samples/sec: 321.85 - lr: 0.000781
2021-08-10 20:55:23,050 epoch 57 - iter 220/220 - loss 3.79808905 - samples/sec: 323.10 - lr: 0.000781
2021-08-10 20:55:23,051 ----------------------------------------------------------------------------------------------------
2021-08-10 20:55:23,052 EPOCH 57 done: loss 3.7981 - lr 0.0007813
2021-08-10 20:55:24,330 DEV : loss 3.3089373111724854 - score 0.7079
2021-08-10 20:55:24,368 BAD EPOCHS (no improvement): 4
2021-08-10 20:55:24,369 ----------------------------------------------------------------------------------------------------
2021-08-10 20:55:26,579 epoch 58 - iter 22/220 - loss 4.04624342 - samples/sec: 319.47 - lr: 0.000391
2021-08-10 20:55:28,754 epoch 58 - iter 44/220 - loss 3.97850081 - samples/sec: 324.01 - lr: 0.000391
2021-08-10 20:55:31,008 epoch 58 - iter 66/220 - loss 3.92282664 - samples/sec: 312.79 - lr: 0.000391
2021-08-10 20:55:33,230 epoch 58 - iter 88/220 - loss 3.87388444 - samples/sec: 317.26 - lr: 0.000391
2021-08-10 20:55:35,499 epoch 58 - iter 110/220 - loss 3.86846434 - samples/sec: 310.66 - lr: 0.000391
2021-08-10 20:55:37,711 epoch 58 - iter 132/220 - loss 3.83832479 - samples/sec: 318.67 - lr: 0.000391
2021-08-10 20:55:39,888 epoch 58 - iter 154/220 - loss 3.83091965 - samples/sec: 323.71 - lr: 0.000391
2021-08-10 20:55:41,988 epoch 58 - iter 176/220 - loss 3.79982073 - samples/sec: 335.77 - lr: 0.000391
2021-08-10 20:55:44,284 epoch 58 - iter 198/220 - loss 3.80520345 - samples/sec: 306.86 - lr: 0.000391
2021-08-10 20:55:46,472 epoch 58 - iter 220/220 - loss 3.80152170 - samples/sec: 322.18 - lr: 0.000391
2021-08-10 20:55:46,474 ----------------------------------------------------------------------------------------------------
2021-08-10 20:55:46,476 EPOCH 58 done: loss 3.8015 - lr 0.0003906
2021-08-10 20:55:47,751 DEV : loss 3.3087849617004395 - score 0.708
2021-08-10 20:55:47,790 BAD EPOCHS (no improvement): 1
2021-08-10 20:55:47,791 ----------------------------------------------------------------------------------------------------
2021-08-10 20:55:49,968 epoch 59 - iter 22/220 - loss 3.86925508 - samples/sec: 323.97 - lr: 0.000391
2021-08-10 20:55:52,096 epoch 59 - iter 44/220 - loss 3.77763315 - samples/sec: 331.27 - lr: 0.000391
2021-08-10 20:55:54,298 epoch 59 - iter 66/220 - loss 3.76001095 - samples/sec: 320.09 - lr: 0.000391
2021-08-10 20:55:56,574 epoch 59 - iter 88/220 - loss 3.76374002 - samples/sec: 309.67 - lr: 0.000391
2021-08-10 20:55:58,763 epoch 59 - iter 110/220 - loss 3.78706343 - samples/sec: 322.07 - lr: 0.000391
2021-08-10 20:56:00,929 epoch 59 - iter 132/220 - loss 3.82044528 - samples/sec: 325.31 - lr: 0.000391
2021-08-10 20:56:03,194 epoch 59 - iter 154/220 - loss 3.82444944 - samples/sec: 311.20 - lr: 0.000391
2021-08-10 20:56:05,385 epoch 59 - iter 176/220 - loss 3.81429984 - samples/sec: 321.76 - lr: 0.000391
2021-08-10 20:56:07,553 epoch 59 - iter 198/220 - loss 3.78969579 - samples/sec: 324.99 - lr: 0.000391
2021-08-10 20:56:09,949 epoch 59 - iter 220/220 - loss 3.78660462 - samples/sec: 294.29 - lr: 0.000391
2021-08-10 20:56:09,950 ----------------------------------------------------------------------------------------------------
2021-08-10 20:56:09,951 EPOCH 59 done: loss 3.7866 - lr 0.0003906
2021-08-10 20:56:11,248 DEV : loss 3.3074302673339844 - score 0.708
2021-08-10 20:56:11,285 BAD EPOCHS (no improvement): 2
2021-08-10 20:56:11,287 ----------------------------------------------------------------------------------------------------
2021-08-10 20:56:13,487 epoch 60 - iter 22/220 - loss 3.89892996 - samples/sec: 320.55 - lr: 0.000391
2021-08-10 20:56:15,636 epoch 60 - iter 44/220 - loss 3.84805143 - samples/sec: 328.14 - lr: 0.000391
2021-08-10 20:56:17,834 epoch 60 - iter 66/220 - loss 3.83251857 - samples/sec: 320.61 - lr: 0.000391
2021-08-10 20:56:20,149 epoch 60 - iter 88/220 - loss 3.87153889 - samples/sec: 304.54 - lr: 0.000391
2021-08-10 20:56:22,376 epoch 60 - iter 110/220 - loss 3.85307812 - samples/sec: 316.50 - lr: 0.000391
2021-08-10 20:56:24,583 epoch 60 - iter 132/220 - loss 3.82280418 - samples/sec: 319.44 - lr: 0.000391
2021-08-10 20:56:26,784 epoch 60 - iter 154/220 - loss 3.78409961 - samples/sec: 320.15 - lr: 0.000391
2021-08-10 20:56:28,951 epoch 60 - iter 176/220 - loss 3.79649008 - samples/sec: 325.39 - lr: 0.000391
2021-08-10 20:56:31,179 epoch 60 - iter 198/220 - loss 3.81136291 - samples/sec: 316.28 - lr: 0.000391
2021-08-10 20:56:33,316 epoch 60 - iter 220/220 - loss 3.77302865 - samples/sec: 329.75 - lr: 0.000391
2021-08-10 20:56:33,318 ----------------------------------------------------------------------------------------------------
2021-08-10 20:56:33,319 EPOCH 60 done: loss 3.7730 - lr 0.0003906
2021-08-10 20:56:34,588 DEV : loss 3.308622360229492 - score 0.7079
2021-08-10 20:56:34,628 BAD EPOCHS (no improvement): 3
2021-08-10 20:56:34,629 ----------------------------------------------------------------------------------------------------
2021-08-10 20:56:37,743 epoch 61 - iter 22/220 - loss 3.52778366 - samples/sec: 226.31 - lr: 0.000391
2021-08-10 20:56:40,011 epoch 61 - iter 44/220 - loss 3.65679252 - samples/sec: 310.92 - lr: 0.000391
2021-08-10 20:56:42,227 epoch 61 - iter 66/220 - loss 3.63272151 - samples/sec: 318.08 - lr: 0.000391
2021-08-10 20:56:44,396 epoch 61 - iter 88/220 - loss 3.69468057 - samples/sec: 324.86 - lr: 0.000391
2021-08-10 20:56:46,592 epoch 61 - iter 110/220 - loss 3.72298713 - samples/sec: 321.10 - lr: 0.000391
2021-08-10 20:56:48,764 epoch 61 - iter 132/220 - loss 3.73621467 - samples/sec: 324.49 - lr: 0.000391
2021-08-10 20:56:50,867 epoch 61 - iter 154/220 - loss 3.72681641 - samples/sec: 335.16 - lr: 0.000391
2021-08-10 20:56:53,085 epoch 61 - iter 176/220 - loss 3.76106050 - samples/sec: 317.79 - lr: 0.000391
2021-08-10 20:56:55,225 epoch 61 - iter 198/220 - loss 3.76130469 - samples/sec: 329.38 - lr: 0.000391
2021-08-10 20:56:57,395 epoch 61 - iter 220/220 - loss 3.78438427 - samples/sec: 324.74 - lr: 0.000391
2021-08-10 20:56:57,396 ----------------------------------------------------------------------------------------------------
2021-08-10 20:56:57,397 EPOCH 61 done: loss 3.7844 - lr 0.0003906
2021-08-10 20:56:58,671 DEV : loss 3.307464122772217 - score 0.7082
2021-08-10 20:56:58,710 BAD EPOCHS (no improvement): 4
2021-08-10 20:56:58,712 ----------------------------------------------------------------------------------------------------
2021-08-10 20:57:00,871 epoch 62 - iter 22/220 - loss 3.71067297 - samples/sec: 326.65 - lr: 0.000195
2021-08-10 20:57:03,049 epoch 62 - iter 44/220 - loss 3.79533773 - samples/sec: 323.64 - lr: 0.000195
2021-08-10 20:57:05,252 epoch 62 - iter 66/220 - loss 3.79261588 - samples/sec: 319.97 - lr: 0.000195
2021-08-10 20:57:07,395 epoch 62 - iter 88/220 - loss 3.76161116 - samples/sec: 328.85 - lr: 0.000195
2021-08-10 20:57:09,624 epoch 62 - iter 110/220 - loss 3.73734543 - samples/sec: 316.30 - lr: 0.000195
2021-08-10 20:57:11,756 epoch 62 - iter 132/220 - loss 3.74224965 - samples/sec: 330.45 - lr: 0.000195
2021-08-10 20:57:14,009 epoch 62 - iter 154/220 - loss 3.73866297 - samples/sec: 312.83 - lr: 0.000195
2021-08-10 20:57:16,203 epoch 62 - iter 176/220 - loss 3.79328511 - samples/sec: 321.33 - lr: 0.000195
2021-08-10 20:57:18,487 epoch 62 - iter 198/220 - loss 3.78916666 - samples/sec: 308.54 - lr: 0.000195
2021-08-10 20:57:20,700 epoch 62 - iter 220/220 - loss 3.79446429 - samples/sec: 318.58 - lr: 0.000195
2021-08-10 20:57:20,701 ----------------------------------------------------------------------------------------------------
2021-08-10 20:57:20,703 EPOCH 62 done: loss 3.7945 - lr 0.0001953
2021-08-10 20:57:21,964 DEV : loss 3.307603597640991 - score 0.7079
2021-08-10 20:57:22,004 BAD EPOCHS (no improvement): 1
2021-08-10 20:57:22,006 ----------------------------------------------------------------------------------------------------
2021-08-10 20:57:24,272 epoch 63 - iter 22/220 - loss 3.76042402 - samples/sec: 311.16 - lr: 0.000195
2021-08-10 20:57:26,426 epoch 63 - iter 44/220 - loss 3.90844526 - samples/sec: 327.17 - lr: 0.000195
2021-08-10 20:57:28,614 epoch 63 - iter 66/220 - loss 3.93355501 - samples/sec: 322.25 - lr: 0.000195
2021-08-10 20:57:30,823 epoch 63 - iter 88/220 - loss 3.87526978 - samples/sec: 318.98 - lr: 0.000195
2021-08-10 20:57:32,991 epoch 63 - iter 110/220 - loss 3.87721826 - samples/sec: 325.08 - lr: 0.000195
2021-08-10 20:57:35,109 epoch 63 - iter 132/220 - loss 3.86297539 - samples/sec: 332.86 - lr: 0.000195
2021-08-10 20:57:37,392 epoch 63 - iter 154/220 - loss 3.79362339 - samples/sec: 308.67 - lr: 0.000195
2021-08-10 20:57:39,565 epoch 63 - iter 176/220 - loss 3.82663914 - samples/sec: 324.35 - lr: 0.000195
2021-08-10 20:57:41,812 epoch 63 - iter 198/220 - loss 3.80552637 - samples/sec: 313.68 - lr: 0.000195
2021-08-10 20:57:44,061 epoch 63 - iter 220/220 - loss 3.79878607 - samples/sec: 313.38 - lr: 0.000195
2021-08-10 20:57:44,062 ----------------------------------------------------------------------------------------------------
2021-08-10 20:57:44,063 EPOCH 63 done: loss 3.7988 - lr 0.0001953
2021-08-10 20:57:45,351 DEV : loss 3.307556629180908 - score 0.7079
2021-08-10 20:57:45,388 BAD EPOCHS (no improvement): 2
2021-08-10 20:57:45,390 ----------------------------------------------------------------------------------------------------
2021-08-10 20:57:47,512 epoch 64 - iter 22/220 - loss 3.78282686 - samples/sec: 332.32 - lr: 0.000195
2021-08-10 20:57:49,677 epoch 64 - iter 44/220 - loss 3.77483835 - samples/sec: 325.53 - lr: 0.000195
2021-08-10 20:57:51,843 epoch 64 - iter 66/220 - loss 3.92590499 - samples/sec: 325.56 - lr: 0.000195
2021-08-10 20:57:54,020 epoch 64 - iter 88/220 - loss 3.84979902 - samples/sec: 323.70 - lr: 0.000195
2021-08-10 20:57:56,157 epoch 64 - iter 110/220 - loss 3.83650868 - samples/sec: 329.81 - lr: 0.000195
2021-08-10 20:57:58,332 epoch 64 - iter 132/220 - loss 3.80910731 - samples/sec: 324.06 - lr: 0.000195
2021-08-10 20:58:00,634 epoch 64 - iter 154/220 - loss 3.78989825 - samples/sec: 306.22 - lr: 0.000195
2021-08-10 20:58:02,863 epoch 64 - iter 176/220 - loss 3.81340725 - samples/sec: 316.22 - lr: 0.000195
2021-08-10 20:58:05,049 epoch 64 - iter 198/220 - loss 3.80819480 - samples/sec: 322.31 - lr: 0.000195
2021-08-10 20:58:07,325 epoch 64 - iter 220/220 - loss 3.80734817 - samples/sec: 309.71 - lr: 0.000195
2021-08-10 20:58:07,327 ----------------------------------------------------------------------------------------------------
2021-08-10 20:58:07,328 EPOCH 64 done: loss 3.8073 - lr 0.0001953
2021-08-10 20:58:08,594 DEV : loss 3.307065010070801 - score 0.7079
2021-08-10 20:58:08,632 BAD EPOCHS (no improvement): 3
2021-08-10 20:58:08,634 ----------------------------------------------------------------------------------------------------
2021-08-10 20:58:10,854 epoch 65 - iter 22/220 - loss 3.70553483 - samples/sec: 317.62 - lr: 0.000195
2021-08-10 20:58:12,997 epoch 65 - iter 44/220 - loss 3.76438696 - samples/sec: 328.90 - lr: 0.000195
2021-08-10 20:58:15,129 epoch 65 - iter 66/220 - loss 3.82390849 - samples/sec: 330.69 - lr: 0.000195
2021-08-10 20:58:17,309 epoch 65 - iter 88/220 - loss 3.82247961 - samples/sec: 323.26 - lr: 0.000195
2021-08-10 20:58:19,501 epoch 65 - iter 110/220 - loss 3.80931255 - samples/sec: 321.54 - lr: 0.000195
2021-08-10 20:58:21,819 epoch 65 - iter 132/220 - loss 3.83636326 - samples/sec: 304.01 - lr: 0.000195
2021-08-10 20:58:23,986 epoch 65 - iter 154/220 - loss 3.83459590 - samples/sec: 325.26 - lr: 0.000195
2021-08-10 20:58:26,098 epoch 65 - iter 176/220 - loss 3.85461576 - samples/sec: 333.85 - lr: 0.000195
2021-08-10 20:58:28,315 epoch 65 - iter 198/220 - loss 3.84416276 - samples/sec: 317.83 - lr: 0.000195
2021-08-10 20:58:30,461 epoch 65 - iter 220/220 - loss 3.82519129 - samples/sec: 328.43 - lr: 0.000195
2021-08-10 20:58:30,462 ----------------------------------------------------------------------------------------------------
2021-08-10 20:58:30,463 EPOCH 65 done: loss 3.8252 - lr 0.0001953
2021-08-10 20:58:31,722 DEV : loss 3.3071250915527344 - score 0.7079
2021-08-10 20:58:31,758 BAD EPOCHS (no improvement): 4
2021-08-10 20:58:31,760 ----------------------------------------------------------------------------------------------------
2021-08-10 20:58:31,763 ----------------------------------------------------------------------------------------------------
2021-08-10 20:58:31,764 learning rate too small - quitting training!
2021-08-10 20:58:31,767 ----------------------------------------------------------------------------------------------------
2021-08-10 20:58:34,102 ----------------------------------------------------------------------------------------------------
2021-08-10 20:58:34,104 Testing using best model ...
2021-08-10 20:58:34,106 loading file resources/taggers/example-pos/best-model.pt
2021-08-10 20:58:38,304 0.7173	0.7139	0.7156
2021-08-10 20:58:38,305 
Results:
- F1-score (micro) 0.7156
- F1-score (macro) 0.5709

By class:
Actor      tp: 1210 - fp: 112 - fn: 64 - precision: 0.9153 - recall: 0.9498 - f1-score: 0.9322
Award      tp: 30 - fp: 35 - fn: 36 - precision: 0.4615 - recall: 0.4545 - f1-score: 0.4580
Character_Name tp: 167 - fp: 73 - fn: 116 - precision: 0.6958 - recall: 0.5901 - f1-score: 0.6386
Director   tp: 394 - fp: 92 - fn: 31 - precision: 0.8107 - recall: 0.9271 - f1-score: 0.8650
Genre      tp: 589 - fp: 233 - fn: 200 - precision: 0.7165 - recall: 0.7465 - f1-score: 0.7312
Opinion    tp: 81 - fp: 106 - fn: 114 - precision: 0.4332 - recall: 0.4154 - f1-score: 0.4241
Origin     tp: 71 - fp: 98 - fn: 119 - precision: 0.4201 - recall: 0.3737 - f1-score: 0.3955
Plot       tp: 775 - fp: 751 - fn: 802 - precision: 0.5079 - recall: 0.4914 - f1-score: 0.4995
Quote      tp: 13 - fp: 10 - fn: 34 - precision: 0.5652 - recall: 0.2766 - f1-score: 0.3714
Relationship tp: 88 - fp: 46 - fn: 83 - precision: 0.6567 - recall: 0.5146 - f1-score: 0.5770
Soundtrack tp: 0 - fp: 8 - fn: 8 - precision: 0.0000 - recall: 0.0000 - f1-score: 0.0000
Year       tp: 641 - fp: 36 - fn: 20 - precision: 0.9468 - recall: 0.9697 - f1-score: 0.9581
2021-08-10 20:58:38,307 ----------------------------------------------------------------------------------------------------
